I+00000.047: Windows-10-10.0.22621-SP0 AMD64
             CPython 3.9.7 (64-bit)
             debugpy 1.6.7

I+00000.047: debugpy.adapter startup environment:
             
             System paths:
                 sys.executable: C:\Users\nikla\OneDrive\Dokumente\repositories\py4godot---Open-Project\addons\windows64\cpython-3.9.7-windows64\python\install\python.exe
                 sys.prefix: C:\Users\nikla\OneDrive\Dokumente\repositories\py4godot---Open-Project\addons\windows64\cpython-3.9.7-windows64\python\install
                 sys.base_prefix: C:\Users\nikla\OneDrive\Dokumente\repositories\py4godot---Open-Project\addons\windows64\cpython-3.9.7-windows64\python\install
                 sys.real_prefix: <missing>
                 site.getsitepackages(): C:\Users\nikla\OneDrive\Dokumente\repositories\py4godot---Open-Project\addons\windows64\cpython-3.9.7-windows64\python\install
                                         C:\Users\nikla\OneDrive\Dokumente\repositories\py4godot---Open-Project\addons\windows64\cpython-3.9.7-windows64\python\install\lib\site-packages(C:\Users\nikla\OneDrive\Dokumente\repositories\py4godot---Open-Project\addons\windows64\cpython-3.9.7-windows64\python\install\Lib\site-packages)
                 site.getusersitepackages(): C:\Users\nikla\AppData\Roaming\Python\Python39\site-packages
                 sys.path (site-packages): C:\Users\nikla\OneDrive\Dokumente\repositories\py4godot---Open-Project\addons\windows64\cpython-3.9.7-windows64\python\install\lib\site-packages(C:\Users\nikla\OneDrive\Dokumente\repositories\py4godot---Open-Project\addons\windows64\cpython-3.9.7-windows64\python\install\Lib\site-packages)
                 sysconfig.get_path('stdlib'): C:\Users\nikla\OneDrive\Dokumente\repositories\py4godot---Open-Project\addons\windows64\cpython-3.9.7-windows64\python\install\Lib
                 sysconfig.get_path('platstdlib'): C:\Users\nikla\OneDrive\Dokumente\repositories\py4godot---Open-Project\addons\windows64\cpython-3.9.7-windows64\python\install\Lib
                 sysconfig.get_path('purelib'): C:\Users\nikla\OneDrive\Dokumente\repositories\py4godot---Open-Project\addons\windows64\cpython-3.9.7-windows64\python\install\Lib\site-packages
                 sysconfig.get_path('platlib'): C:\Users\nikla\OneDrive\Dokumente\repositories\py4godot---Open-Project\addons\windows64\cpython-3.9.7-windows64\python\install\Lib\site-packages
                 sysconfig.get_path('include'): C:\Users\nikla\OneDrive\Dokumente\repositories\py4godot---Open-Project\addons\windows64\cpython-3.9.7-windows64\python\install\Include(C:\Users\nikla\OneDrive\Dokumente\repositories\py4godot---Open-Project\addons\windows64\cpython-3.9.7-windows64\python\install\include)
                 sysconfig.get_path('scripts'): C:\Users\nikla\OneDrive\Dokumente\repositories\py4godot---Open-Project\addons\windows64\cpython-3.9.7-windows64\python\install\Scripts
                 sysconfig.get_path('data'): C:\Users\nikla\OneDrive\Dokumente\repositories\py4godot---Open-Project\addons\windows64\cpython-3.9.7-windows64\python\install
                 os.__file__: C:\Users\nikla\OneDrive\Dokumente\repositories\py4godot---Open-Project\addons\windows64\cpython-3.9.7-windows64\python\install\lib\os.py(C:\Users\nikla\OneDrive\Dokumente\repositories\py4godot---Open-Project\addons\windows64\cpython-3.9.7-windows64\python\install\Lib\os.py)
                 threading.__file__: C:\Users\nikla\OneDrive\Dokumente\repositories\py4godot---Open-Project\addons\windows64\cpython-3.9.7-windows64\python\install\lib\threading.py(C:\Users\nikla\OneDrive\Dokumente\repositories\py4godot---Open-Project\addons\windows64\cpython-3.9.7-windows64\python\install\Lib\threading.py)
                 debugpy.__file__: C:\Users\nikla\OneDrive\Dokumente\repositories\py4godot---Open-Project\addons\windows64\cpython-3.9.7-windows64\python\install\lib\site-packages\debugpy\adapter/../..\debugpy\__init__.py(C:\Users\nikla\OneDrive\Dokumente\repositories\py4godot---Open-Project\addons\windows64\cpython-3.9.7-windows64\python\install\Lib\site-packages\debugpy\__init__.py)

I+00000.047: Listening for incoming Client connections on 127.0.0.1:5678...

I+00000.063: Listening for incoming Server connections on 127.0.0.1:57773...

I+00000.063: Sending endpoints info to debug server at localhost:57772:
             {
                 "client": {
                     "host": "127.0.0.1",
                     "port": 5678
                 },
                 "server": {
                     "host": "127.0.0.1",
                     "port": 57773
                 }
             }

I+00000.063: Accepted incoming Server connection from 127.0.0.1:57775.

D+00000.063: Starting message loop for channel Server[?]

D+00000.063: Server[?] <-- {
                 "seq": 1,
                 "type": "request",
                 "command": "pydevdAuthorize",
                 "arguments": {
                     "debugServerAccessToken": "b0ed993b72f5c4b6fe1b88afb80c710ee52e386cfde092800914a915ee0e9773"
                 }
             }

D+00000.063: Server[?] --> {
                 "pydevd_cmd_id": 502,
                 "seq": 2,
                 "type": "response",
                 "request_seq": 1,
                 "success": true,
                 "command": "pydevdAuthorize",
                 "body": {
                     "clientAccessToken": null
                 }
             }

D+00000.063: Server[?] <-- {
                 "seq": 2,
                 "type": "request",
                 "command": "pydevdSystemInfo"
             }

D+00000.078: Server[?] --> {
                 "pydevd_cmd_id": 502,
                 "seq": 4,
                 "type": "response",
                 "request_seq": 2,
                 "success": true,
                 "command": "pydevdSystemInfo",
                 "body": {
                     "python": {
                         "version": "3.9.7final0",
                         "implementation": {
                             "name": "cpython",
                             "version": "3.9.7final0",
                             "description": "CPython"
                         }
                     },
                     "platform": {
                         "name": "win32"
                     },
                     "process": {
                         "pid": 24812,
                         "ppid": 8576,
                         "executable": "C:\\Users\\nikla\\Downloads\\Godot_v3.5.1-stable_win64.exe(1)\\Godot_v3.5.1-stable_win64.exe",
                         "bitness": 64
                     },
                     "pydevd": {
                         "usingCython": true,
                         "usingFrameEval": false
                     }
                 }
             }

I+00000.078: No active debug session for parent process of Server[pid=24812].

D+00004.188: Exiting message loop for channel Server[pid=24812]: [WinError 10054] Eine vorhandene Verbindung wurde vom Remotehost geschlossen

D+00004.188: Closing Server[pid=24812] message stream

I+00004.188: All debug servers disconnected; waiting for remaining sessions...

I+00004.188: All debug sessions have ended; exiting.

I+00004.188: Not logging to "<stderr>" anymore.

