I+00000.031: Windows-10-10.0.22621-SP0 AMD64
             CPython 3.9.7 (64-bit)
             debugpy 1.6.7

I+00000.047: debugpy.adapter startup environment:
             
             System paths:
                 sys.executable: C:\Users\nikla\OneDrive\Dokumente\repositories\py4godot---Open-Project\addons\windows64\cpython-3.9.7-windows64\python\install\python.exe
                 sys.prefix: C:\Users\nikla\OneDrive\Dokumente\repositories\py4godot---Open-Project\addons\windows64\cpython-3.9.7-windows64\python\install
                 sys.base_prefix: C:\Users\nikla\OneDrive\Dokumente\repositories\py4godot---Open-Project\addons\windows64\cpython-3.9.7-windows64\python\install
                 sys.real_prefix: <missing>
                 site.getsitepackages(): C:\Users\nikla\OneDrive\Dokumente\repositories\py4godot---Open-Project\addons\windows64\cpython-3.9.7-windows64\python\install
                                         C:\Users\nikla\OneDrive\Dokumente\repositories\py4godot---Open-Project\addons\windows64\cpython-3.9.7-windows64\python\install\lib\site-packages(C:\Users\nikla\OneDrive\Dokumente\repositories\py4godot---Open-Project\addons\windows64\cpython-3.9.7-windows64\python\install\Lib\site-packages)
                 site.getusersitepackages(): C:\Users\nikla\AppData\Roaming\Python\Python39\site-packages
                 sys.path (site-packages): C:\Users\nikla\OneDrive\Dokumente\repositories\py4godot---Open-Project\addons\windows64\cpython-3.9.7-windows64\python\install\lib\site-packages(C:\Users\nikla\OneDrive\Dokumente\repositories\py4godot---Open-Project\addons\windows64\cpython-3.9.7-windows64\python\install\Lib\site-packages)
                 sysconfig.get_path('stdlib'): C:\Users\nikla\OneDrive\Dokumente\repositories\py4godot---Open-Project\addons\windows64\cpython-3.9.7-windows64\python\install\Lib
                 sysconfig.get_path('platstdlib'): C:\Users\nikla\OneDrive\Dokumente\repositories\py4godot---Open-Project\addons\windows64\cpython-3.9.7-windows64\python\install\Lib
                 sysconfig.get_path('purelib'): C:\Users\nikla\OneDrive\Dokumente\repositories\py4godot---Open-Project\addons\windows64\cpython-3.9.7-windows64\python\install\Lib\site-packages
                 sysconfig.get_path('platlib'): C:\Users\nikla\OneDrive\Dokumente\repositories\py4godot---Open-Project\addons\windows64\cpython-3.9.7-windows64\python\install\Lib\site-packages
                 sysconfig.get_path('include'): C:\Users\nikla\OneDrive\Dokumente\repositories\py4godot---Open-Project\addons\windows64\cpython-3.9.7-windows64\python\install\Include(C:\Users\nikla\OneDrive\Dokumente\repositories\py4godot---Open-Project\addons\windows64\cpython-3.9.7-windows64\python\install\include)
                 sysconfig.get_path('scripts'): C:\Users\nikla\OneDrive\Dokumente\repositories\py4godot---Open-Project\addons\windows64\cpython-3.9.7-windows64\python\install\Scripts
                 sysconfig.get_path('data'): C:\Users\nikla\OneDrive\Dokumente\repositories\py4godot---Open-Project\addons\windows64\cpython-3.9.7-windows64\python\install
                 os.__file__: C:\Users\nikla\OneDrive\Dokumente\repositories\py4godot---Open-Project\addons\windows64\cpython-3.9.7-windows64\python\install\lib\os.py(C:\Users\nikla\OneDrive\Dokumente\repositories\py4godot---Open-Project\addons\windows64\cpython-3.9.7-windows64\python\install\Lib\os.py)
                 threading.__file__: C:\Users\nikla\OneDrive\Dokumente\repositories\py4godot---Open-Project\addons\windows64\cpython-3.9.7-windows64\python\install\lib\threading.py(C:\Users\nikla\OneDrive\Dokumente\repositories\py4godot---Open-Project\addons\windows64\cpython-3.9.7-windows64\python\install\Lib\threading.py)
                 debugpy.__file__: C:\Users\nikla\OneDrive\Dokumente\repositories\py4godot---Open-Project\addons\windows64\cpython-3.9.7-windows64\python\install\lib\site-packages\debugpy\adapter/../..\debugpy\__init__.py(C:\Users\nikla\OneDrive\Dokumente\repositories\py4godot---Open-Project\addons\windows64\cpython-3.9.7-windows64\python\install\Lib\site-packages\debugpy\__init__.py)

I+00000.047: Listening for incoming Client connections on 127.0.0.1:5678...

I+00000.047: Listening for incoming Server connections on 127.0.0.1:57719...

I+00000.047: Sending endpoints info to debug server at localhost:57718:
             {
                 "client": {
                     "host": "127.0.0.1",
                     "port": 5678
                 },
                 "server": {
                     "host": "127.0.0.1",
                     "port": 57719
                 }
             }

I+00000.062: Accepted incoming Server connection from 127.0.0.1:57721.

D+00000.062: Starting message loop for channel Server[?]

D+00000.062: Server[?] <-- {
                 "seq": 1,
                 "type": "request",
                 "command": "pydevdAuthorize",
                 "arguments": {
                     "debugServerAccessToken": "4d8360901c680ff5a33d915e2755298c6ae0abc94493ab6e499a0f8dd5180a74"
                 }
             }

D+00000.062: Server[?] --> {
                 "pydevd_cmd_id": 502,
                 "seq": 2,
                 "type": "response",
                 "request_seq": 1,
                 "success": true,
                 "command": "pydevdAuthorize",
                 "body": {
                     "clientAccessToken": null
                 }
             }

D+00000.062: Server[?] <-- {
                 "seq": 2,
                 "type": "request",
                 "command": "pydevdSystemInfo"
             }

D+00000.078: Server[?] --> {
                 "pydevd_cmd_id": 502,
                 "seq": 4,
                 "type": "response",
                 "request_seq": 2,
                 "success": true,
                 "command": "pydevdSystemInfo",
                 "body": {
                     "python": {
                         "version": "3.9.7final0",
                         "implementation": {
                             "name": "cpython",
                             "version": "3.9.7final0",
                             "description": "CPython"
                         }
                     },
                     "platform": {
                         "name": "win32"
                     },
                     "process": {
                         "pid": 20960,
                         "ppid": 20524,
                         "executable": "C:\\Users\\nikla\\Downloads\\Godot_v3.5.1-stable_win64.exe(1)\\Godot_v3.5.1-stable_win64.exe",
                         "bitness": 64
                     },
                     "pydevd": {
                         "usingCython": true,
                         "usingFrameEval": false
                     }
                 }
             }

I+00000.078: No active debug session for parent process of Server[pid=20960].

I+00086.594: Accepted incoming Client connection from 127.0.0.1:57735.

D+00086.594: Starting message loop for channel Client[1]

D+00086.594: Client[1] <-- {
                 "seq": 1,
                 "type": "event",
                 "event": "output",
                 "body": {
                     "category": "telemetry",
                     "output": "ptvsd",
                     "data": {
                         "packageVersion": "1.6.7"
                     }
                 }
             }

D+00086.594: Client[1] <-- {
                 "seq": 2,
                 "type": "event",
                 "event": "output",
                 "body": {
                     "category": "telemetry",
                     "output": "debugpy",
                     "data": {
                         "packageVersion": "1.6.7"
                     }
                 }
             }

D+00210.797: Exiting message loop for channel Client[1]: [WinError 10054] Eine vorhandene Verbindung wurde vom Remotehost geschlossen

D+00210.797: Closing Client[1] message stream

I+00210.797: /handling disconnect from Client[1]/
             Session[1] has ended.

I+00210.797: /handling disconnect from Client[1]/
             Client[1] has disconnected; finalizing Session[1].

I+00210.797: /handling disconnect from Client[1]/
             Session[1] finalized.

D+00259.344: Server[pid=20960] --> {
                 "pydevd_cmd_id": 129,
                 "seq": 6,
                 "type": "event",
                 "event": "terminated",
                 "body": {}
             }

D+00259.344: /handling #6 event "terminated" from Server[pid=20960]/
             Closing Server[pid=20960] message stream

D+00259.344: Exiting message loop for channel Server[pid=20960]: [WinError 10038] Ein Vorgang bezog sich auf ein Objekt, das kein Socket ist

I+00259.344: All debug servers disconnected; waiting for remaining sessions...

I+00259.344: All debug sessions have ended; exiting.

I+00259.344: Not logging to "<stderr>" anymore.

