0.38s - pydevd: Use libraries filter: False

0.00s - IDE_PROJECT_ROOTS []

0.00s - Collecting default library roots.
0.00s - LIBRARY_ROOTS ['C:\\Users\\nikla\\AppData\\Roaming\\Python\\Python39\\site-packages', 'C:\\Users\\nikla\\OneDrive\\Dokumente\\repositories\\py4godot---Open-Project\\addons\\windows64\\cpython-3.9.7-windows64\\python\\install', 'C:\\Users\\nikla\\OneDrive\\Dokumente\\repositories\\py4godot---Open-Project\\addons\\windows64\\cpython-3.9.7-windows64\\python\\install\\Lib', 'C:\\Users\\nikla\\OneDrive\\Dokumente\\repositories\\py4godot---Open-Project\\addons\\windows64\\cpython-3.9.7-windows64\\python\\install\\Lib\\site-packages', 'C:\\Users\\nikla\\OneDrive\\Dokumente\\repositories\\py4godot---Open-Project\\addons\\windows64\\cpython-3.9.7-windows64\\python\\install\\lib', 'C:\\Users\\nikla\\OneDrive\\Dokumente\\repositories\\py4godot---Open-Project\\addons\\windows64\\cpython-3.9.7-windows64\\python\\install\\lib\\site-packages', 'addons/windows64/cpython-3.9.7-windows64/python/install', 'addons/windows64/cpython-3.9.7-windows64/python/install\\lib\\site-packages', 'addons\\windows64\\cpython-3.9.7-windows64\\python\\install\\Lib', 'addons\\windows64\\cpython-3.9.7-windows64\\python\\install\\Lib\\site-packages']

0.00s - Apply debug mode: debugpy-dap
0.00s - Preimport: C:\Users\nikla\OneDrive\Dokumente\repositories\py4godot---Open-Project\addons\windows64\cpython-3.9.7-windows64\python\install\lib\site-packages;debugpy._vendored.force_pydevd
0.00s - Connecting to 127.0.0.1:56483
0.01s - Connected.
0.00s - Applying patching to hide pydevd threads (Py3 version).
0.00s - Process PydevdAuthorizeRequest: {
    "arguments": {
        "debugServerAccessToken": "520a3803accce4c5fb09de375596e6074bb12527b1f934b8b4b4abcdbf93fd5b"
    },
    "command": "pydevdAuthorize",
    "seq": 1,
    "type": "request"
}

0.00s - sending cmd (http_json) -->           CMD_RETURN {"type": "response", "request_seq": 1, "success": true, "command": "pydevdAuthorize", "body": {"clientAccessToken": null}, "seq": 2, "pydevd_cmd_id": 502}

0.00s - Process PydevdSystemInfoRequest: {
    "arguments": {},
    "command": "pydevdSystemInfo",
    "seq": 2,
    "type": "request"
}

0.01s - sending cmd (http_json) -->           CMD_RETURN {"type": "response", "request_seq": 2, "success": true, "command": "pydevdSystemInfo", "body": {"python": {"version": "3.9.7final0", "implementation": {"name": "cpython", "version": "3.9.7final0", "description": "CPython"}}, "platform": {"name": "win32"}, "process": {"pid": 21960, "ppid": 13496, "executable": "C:\\Users\\nikla\\Downloads\\Godot_v3.5.1-stable_win64.exe(1)\\Godot_v3.5.1-stable_win64.exe", "bitness": 64}, "pydevd": {"usingCython": true, "usingFrameEval": false}}, "seq": 4, "pydevd_cmd_id": 502}

0.10s - Successfully Loaded helper lib to set tracing to all threads.
0.01s - SKIP set tracing of frame: C:\Users\nikla\OneDrive\Dokumente\repositories\py4godot---Open-Project\addons\windows64\cpython-3.9.7-windows64\python\install\lib\threading.py - wait
0.00s - SKIP set tracing of frame: C:\Users\nikla\OneDrive\Dokumente\repositories\py4godot---Open-Project\addons\windows64\cpython-3.9.7-windows64\python\install\lib\threading.py - wait
0.00s - SKIP set tracing of frame: C:\Users\nikla\OneDrive\Dokumente\repositories\py4godot---Open-Project\addons\windows64\cpython-3.9.7-windows64\python\install\lib\site-packages\debugpy\_vendored\pydevd\pydevd.py - _on_run
0.00s - SKIP set tracing of frame: C:\Users\nikla\OneDrive\Dokumente\repositories\py4godot---Open-Project\addons\windows64\cpython-3.9.7-windows64\python\install\lib\site-packages\debugpy\_vendored\pydevd\_pydevd_bundle\pydevd_daemon_thread.py - run
0.00s - SKIP set tracing of frame: C:\Users\nikla\OneDrive\Dokumente\repositories\py4godot---Open-Project\addons\windows64\cpython-3.9.7-windows64\python\install\lib\threading.py - _bootstrap_inner
0.00s - SKIP set tracing of frame: C:\Users\nikla\OneDrive\Dokumente\repositories\py4godot---Open-Project\addons\windows64\cpython-3.9.7-windows64\python\install\lib\threading.py - _bootstrap
0.00s - SKIP set tracing of frame: C:\Users\nikla\OneDrive\Dokumente\repositories\py4godot---Open-Project\addons\windows64\cpython-3.9.7-windows64\python\install\lib\threading.py - wait
0.00s - SKIP set tracing of frame: C:\Users\nikla\OneDrive\Dokumente\repositories\py4godot---Open-Project\addons\windows64\cpython-3.9.7-windows64\python\install\lib\threading.py - wait
0.00s - SKIP set tracing of frame: C:\Users\nikla\OneDrive\Dokumente\repositories\py4godot---Open-Project\addons\windows64\cpython-3.9.7-windows64\python\install\lib\site-packages\debugpy\_vendored\pydevd\pydevd.py - _on_run
0.00s - SKIP set tracing of frame: C:\Users\nikla\OneDrive\Dokumente\repositories\py4godot---Open-Project\addons\windows64\cpython-3.9.7-windows64\python\install\lib\site-packages\debugpy\_vendored\pydevd\_pydevd_bundle\pydevd_daemon_thread.py - run
0.00s - SKIP set tracing of frame: C:\Users\nikla\OneDrive\Dokumente\repositories\py4godot---Open-Project\addons\windows64\cpython-3.9.7-windows64\python\install\lib\threading.py - _bootstrap_inner
0.00s - SKIP set tracing of frame: C:\Users\nikla\OneDrive\Dokumente\repositories\py4godot---Open-Project\addons\windows64\cpython-3.9.7-windows64\python\install\lib\threading.py - _bootstrap
0.00s - SKIP set tracing of frame: C:\Users\nikla\OneDrive\Dokumente\repositories\py4godot---Open-Project\addons\windows64\cpython-3.9.7-windows64\python\install\lib\site-packages\debugpy\_vendored\pydevd\_pydevd_bundle\pydevd_comm.py - _read_line
0.00s - SKIP set tracing of frame: C:\Users\nikla\OneDrive\Dokumente\repositories\py4godot---Open-Project\addons\windows64\cpython-3.9.7-windows64\python\install\lib\site-packages\debugpy\_vendored\pydevd\_pydevd_bundle\pydevd_comm.py - _on_run
0.00s - SKIP set tracing of frame: C:\Users\nikla\OneDrive\Dokumente\repositories\py4godot---Open-Project\addons\windows64\cpython-3.9.7-windows64\python\install\lib\site-packages\debugpy\_vendored\pydevd\_pydevd_bundle\pydevd_daemon_thread.py - run
0.00s - SKIP set tracing of frame: C:\Users\nikla\OneDrive\Dokumente\repositories\py4godot---Open-Project\addons\windows64\cpython-3.9.7-windows64\python\install\lib\threading.py - _bootstrap_inner
0.00s - SKIP set tracing of frame: C:\Users\nikla\OneDrive\Dokumente\repositories\py4godot---Open-Project\addons\windows64\cpython-3.9.7-windows64\python\install\lib\threading.py - _bootstrap
0.00s - SKIP set tracing of frame: C:\Users\nikla\OneDrive\Dokumente\repositories\py4godot---Open-Project\addons\windows64\cpython-3.9.7-windows64\python\install\lib\threading.py - wait
0.00s - SKIP set tracing of frame: C:\Users\nikla\OneDrive\Dokumente\repositories\py4godot---Open-Project\addons\windows64\cpython-3.9.7-windows64\python\install\lib\queue.py - get
0.00s - SKIP set tracing of frame: C:\Users\nikla\OneDrive\Dokumente\repositories\py4godot---Open-Project\addons\windows64\cpython-3.9.7-windows64\python\install\lib\site-packages\debugpy\_vendored\pydevd\_pydevd_bundle\pydevd_comm.py - _on_run
0.00s - SKIP set tracing of frame: C:\Users\nikla\OneDrive\Dokumente\repositories\py4godot---Open-Project\addons\windows64\cpython-3.9.7-windows64\python\install\lib\site-packages\debugpy\_vendored\pydevd\_pydevd_bundle\pydevd_daemon_thread.py - run
0.00s - SKIP set tracing of frame: C:\Users\nikla\OneDrive\Dokumente\repositories\py4godot---Open-Project\addons\windows64\cpython-3.9.7-windows64\python\install\lib\threading.py - _bootstrap_inner
0.00s - SKIP set tracing of frame: C:\Users\nikla\OneDrive\Dokumente\repositories\py4godot---Open-Project\addons\windows64\cpython-3.9.7-windows64\python\install\lib\threading.py - _bootstrap
0.00s - SKIP set tracing of frame: C:\Users\nikla\OneDrive\Dokumente\repositories\py4godot---Open-Project\addons\windows64\cpython-3.9.7-windows64\python\install\lib\site-packages\debugpy\_vendored\pydevd\pydevd.py - set_tracing_for_untraced_contexts
0.00s - SKIP set tracing of frame: C:\Users\nikla\OneDrive\Dokumente\repositories\py4godot---Open-Project\addons\windows64\cpython-3.9.7-windows64\python\install\lib\site-packages\debugpy\_vendored\pydevd\pydevd.py - _locked_settrace
0.00s - SKIP set tracing of frame: C:\Users\nikla\OneDrive\Dokumente\repositories\py4godot---Open-Project\addons\windows64\cpython-3.9.7-windows64\python\install\lib\site-packages\debugpy\_vendored\pydevd\pydevd.py - settrace
0.00s - SKIP set tracing of frame: C:\Users\nikla\OneDrive\Dokumente\repositories\py4godot---Open-Project\addons\windows64\cpython-3.9.7-windows64\python\install\lib\site-packages\debugpy\server\api.py - _settrace
0.00s - SKIP set tracing of frame: C:\Users\nikla\OneDrive\Dokumente\repositories\py4godot---Open-Project\addons\windows64\cpython-3.9.7-windows64\python\install\lib\site-packages\debugpy\server\api.py - listen
0.00s - SKIP set tracing of frame: C:\Users\nikla\OneDrive\Dokumente\repositories\py4godot---Open-Project\addons\windows64\cpython-3.9.7-windows64\python\install\lib\site-packages\debugpy\server\api.py - debug
0.00s - SKIP set tracing of frame: C:\Users\nikla\OneDrive\Dokumente\repositories\py4godot---Open-Project\addons\windows64\cpython-3.9.7-windows64\python\install\lib\site-packages\debugpy\public_api.py - wrapper
0.00s - Set tracing of frame: Scripts/CharHandler.py - _ready
0.00s - SKIP set tracing of frame: C:\Users\nikla\OneDrive\Dokumente\repositories\py4godot---Open-Project\addons\windows64\cpython-3.9.7-windows64\python\install\lib\site-packages\debugpy\_vendored\pydevd\pydevd.py - settrace
0.00s - SKIP set tracing of frame: C:\Users\nikla\OneDrive\Dokumente\repositories\py4godot---Open-Project\addons\windows64\cpython-3.9.7-windows64\python\install\lib\site-packages\debugpy\server\api.py - _settrace
0.00s - SKIP set tracing of frame: C:\Users\nikla\OneDrive\Dokumente\repositories\py4godot---Open-Project\addons\windows64\cpython-3.9.7-windows64\python\install\lib\site-packages\debugpy\server\api.py - listen
0.00s - SKIP set tracing of frame: C:\Users\nikla\OneDrive\Dokumente\repositories\py4godot---Open-Project\addons\windows64\cpython-3.9.7-windows64\python\install\lib\site-packages\debugpy\server\api.py - debug
0.00s - SKIP set tracing of frame: C:\Users\nikla\OneDrive\Dokumente\repositories\py4godot---Open-Project\addons\windows64\cpython-3.9.7-windows64\python\install\lib\site-packages\debugpy\public_api.py - wrapper
