I+00000.109: Windows-10-10.0.22621 AMD64
             CPython 3.9.7 (64-bit)
             debugpy 1.6.7

I+00000.125: Initial environment:
             
             System paths:
                 sys.executable: C:\Users\nikla\Downloads\Godot_v3.5.1-stable_win64.exe(1)\Godot_v3.5.1-stable_win64.exe
                 sys.prefix: addons/windows64/cpython-3.9.7-windows64/python/install(C:\Users\nikla\OneDrive\Dokumente\repositories\py4godot---Open-Project\addons\windows64\cpython-3.9.7-windows64\python\install)
                 sys.base_prefix: addons/windows64/cpython-3.9.7-windows64/python/install(C:\Users\nikla\OneDrive\Dokumente\repositories\py4godot---Open-Project\addons\windows64\cpython-3.9.7-windows64\python\install)
                 sys.real_prefix: <missing>
                 site.getsitepackages(): addons/windows64/cpython-3.9.7-windows64/python/install(C:\Users\nikla\OneDrive\Dokumente\repositories\py4godot---Open-Project\addons\windows64\cpython-3.9.7-windows64\python\install)
                                         addons/windows64/cpython-3.9.7-windows64/python/install\lib\site-packages(C:\Users\nikla\OneDrive\Dokumente\repositories\py4godot---Open-Project\addons\windows64\cpython-3.9.7-windows64\python\install\Lib\site-packages)
                 site.getusersitepackages(): C:\Users\nikla\AppData\Roaming\Python\Python39\site-packages
                 sys.path (site-packages): C:\Users\nikla\OneDrive\Dokumente\repositories\py4godot---Open-Project\addons\windows64\cpython-3.9.7-windows64\python\install\lib\site-packages(C:\Users\nikla\OneDrive\Dokumente\repositories\py4godot---Open-Project\addons\windows64\cpython-3.9.7-windows64\python\install\Lib\site-packages)
                 sysconfig.get_path('stdlib'): addons\windows64\cpython-3.9.7-windows64\python\install\Lib(C:\Users\nikla\OneDrive\Dokumente\repositories\py4godot---Open-Project\addons\windows64\cpython-3.9.7-windows64\python\install\Lib)
                 sysconfig.get_path('platstdlib'): addons\windows64\cpython-3.9.7-windows64\python\install\Lib(C:\Users\nikla\OneDrive\Dokumente\repositories\py4godot---Open-Project\addons\windows64\cpython-3.9.7-windows64\python\install\Lib)
                 sysconfig.get_path('purelib'): addons\windows64\cpython-3.9.7-windows64\python\install\Lib\site-packages(C:\Users\nikla\OneDrive\Dokumente\repositories\py4godot---Open-Project\addons\windows64\cpython-3.9.7-windows64\python\install\Lib\site-packages)
                 sysconfig.get_path('platlib'): addons\windows64\cpython-3.9.7-windows64\python\install\Lib\site-packages(C:\Users\nikla\OneDrive\Dokumente\repositories\py4godot---Open-Project\addons\windows64\cpython-3.9.7-windows64\python\install\Lib\site-packages)
                 sysconfig.get_path('include'): addons\windows64\cpython-3.9.7-windows64\python\install\Include(C:\Users\nikla\OneDrive\Dokumente\repositories\py4godot---Open-Project\addons\windows64\cpython-3.9.7-windows64\python\install\include)
                 sysconfig.get_path('scripts'): addons\windows64\cpython-3.9.7-windows64\python\install\Scripts(C:\Users\nikla\OneDrive\Dokumente\repositories\py4godot---Open-Project\addons\windows64\cpython-3.9.7-windows64\python\install\Scripts)
                 sysconfig.get_path('data'): addons\windows64\cpython-3.9.7-windows64\python\install(C:\Users\nikla\OneDrive\Dokumente\repositories\py4godot---Open-Project\addons\windows64\cpython-3.9.7-windows64\python\install)
                 os.__file__: C:\Users\nikla\OneDrive\Dokumente\repositories\py4godot---Open-Project\addons\windows64\cpython-3.9.7-windows64\python\install\lib\os.py(C:\Users\nikla\OneDrive\Dokumente\repositories\py4godot---Open-Project\addons\windows64\cpython-3.9.7-windows64\python\install\Lib\os.py)
                 threading.__file__: C:\Users\nikla\OneDrive\Dokumente\repositories\py4godot---Open-Project\addons\windows64\cpython-3.9.7-windows64\python\install\lib\threading.py(C:\Users\nikla\OneDrive\Dokumente\repositories\py4godot---Open-Project\addons\windows64\cpython-3.9.7-windows64\python\install\Lib\threading.py)
                 debugpy.__file__: C:\Users\nikla\OneDrive\Dokumente\repositories\py4godot---Open-Project\addons\windows64\cpython-3.9.7-windows64\python\install\lib\site-packages\debugpy\__init__.py(C:\Users\nikla\OneDrive\Dokumente\repositories\py4godot---Open-Project\addons\windows64\cpython-3.9.7-windows64\python\install\Lib\site-packages\debugpy\__init__.py)

D+00000.125: configure(None, {'python': 'C:\\Users\\nikla\\OneDrive\\Dokumente\\repositories\\py4godot---Open-Project\\addons\\windows64\\cpython-3.9.7-windows64\\python\\install\\python.exe'})

D+00000.125: listen(('localhost', 5678), **{})

I+00000.125: Initial debug configuration: {
                 "qt": "none",
                 "subProcess": true,
                 "python": "C:\\Users\\nikla\\OneDrive\\Dokumente\\repositories\\py4godot---Open-Project\\addons\\windows64\\cpython-3.9.7-windows64\\python\\install\\python.exe",
                 "pythonEnv": {}
             }

I+00000.125: Waiting for adapter endpoints on 127.0.0.1:56481...

I+00000.125: debugpy.listen() spawning adapter: [
                 "C:\\Users\\nikla\\OneDrive\\Dokumente\\repositories\\py4godot---Open-Project\\addons\\windows64\\cpython-3.9.7-windows64\\python\\install\\python.exe",
                 "C:\\Users\\nikla\\OneDrive\\Dokumente\\repositories\\py4godot---Open-Project\\addons\\windows64\\cpython-3.9.7-windows64\\python\\install\\lib\\site-packages\\debugpy\\adapter",
                 "--for-server",
                 "56481",
                 "--host",
                 "localhost",
                 "--port",
                 "5678",
                 "--server-access-token",
                 "520a3803accce4c5fb09de375596e6074bb12527b1f934b8b4b4abcdbf93fd5b",
                 "--log-dir",
                 "log.txt"
             ]

I+00000.297: Endpoints received from adapter: {
                 "client": {
                     "host": "127.0.0.1",
                     "port": 5678
                 },
                 "server": {
                     "host": "127.0.0.1",
                     "port": 56483
                 }
             }

I+00000.297: Adapter is accepting incoming client connections on 127.0.0.1:5678

D+00000.297: pydevd.settrace(*(), **{'host': '127.0.0.1', 'port': 56483, 'wait_for_ready_to_run': False, 'block_until_connected': True, 'access_token': '520a3803accce4c5fb09de375596e6074bb12527b1f934b8b4b4abcdbf93fd5b', 'suspend': False, 'patch_multiprocessing': True, 'dont_trace_start_patterns': ('C:\\Users\\nikla\\OneDrive\\Dokumente\\repositories\\py4godot---Open-Project\\addons\\windows64\\cpython-3.9.7-windows64\\python\\install\\lib\\site-packages\\debugpy',), 'dont_trace_end_patterns': ('debugpy_launcher.py',)})

I+00000.438: pydevd is connected to adapter at 127.0.0.1:56483

D+00000.438: wait_for_client()

