I+00000.125: Windows-10-10.0.22621 AMD64
             CPython 3.9.7 (64-bit)
             debugpy 1.6.7

I+00000.125: Initial environment:
             
             System paths:
                 sys.executable: C:\Users\nikla\Downloads\Godot_v3.5.1-stable_win64.exe(1)\Godot_v3.5.1-stable_win64.exe
                 sys.prefix: addons/windows64/cpython-3.9.7-windows64/python/install(C:\Users\nikla\OneDrive\Dokumente\repositories\py4godot---Open-Project\addons\windows64\cpython-3.9.7-windows64\python\install)
                 sys.base_prefix: addons/windows64/cpython-3.9.7-windows64/python/install(C:\Users\nikla\OneDrive\Dokumente\repositories\py4godot---Open-Project\addons\windows64\cpython-3.9.7-windows64\python\install)
                 sys.real_prefix: <missing>
                 site.getsitepackages(): addons/windows64/cpython-3.9.7-windows64/python/install(C:\Users\nikla\OneDrive\Dokumente\repositories\py4godot---Open-Project\addons\windows64\cpython-3.9.7-windows64\python\install)
                                         addons/windows64/cpython-3.9.7-windows64/python/install\lib\site-packages(C:\Users\nikla\OneDrive\Dokumente\repositories\py4godot---Open-Project\addons\windows64\cpython-3.9.7-windows64\python\install\Lib\site-packages)
                 site.getusersitepackages(): C:\Users\nikla\AppData\Roaming\Python\Python39\site-packages
                 sys.path (site-packages): C:\Users\nikla\OneDrive\Dokumente\repositories\py4godot---Open-Project\addons\windows64\cpython-3.9.7-windows64\python\install\lib\site-packages(C:\Users\nikla\OneDrive\Dokumente\repositories\py4godot---Open-Project\addons\windows64\cpython-3.9.7-windows64\python\install\Lib\site-packages)
                 sysconfig.get_path('stdlib'): addons\windows64\cpython-3.9.7-windows64\python\install\Lib(C:\Users\nikla\OneDrive\Dokumente\repositories\py4godot---Open-Project\addons\windows64\cpython-3.9.7-windows64\python\install\Lib)
                 sysconfig.get_path('platstdlib'): addons\windows64\cpython-3.9.7-windows64\python\install\Lib(C:\Users\nikla\OneDrive\Dokumente\repositories\py4godot---Open-Project\addons\windows64\cpython-3.9.7-windows64\python\install\Lib)
                 sysconfig.get_path('purelib'): addons\windows64\cpython-3.9.7-windows64\python\install\Lib\site-packages(C:\Users\nikla\OneDrive\Dokumente\repositories\py4godot---Open-Project\addons\windows64\cpython-3.9.7-windows64\python\install\Lib\site-packages)
                 sysconfig.get_path('platlib'): addons\windows64\cpython-3.9.7-windows64\python\install\Lib\site-packages(C:\Users\nikla\OneDrive\Dokumente\repositories\py4godot---Open-Project\addons\windows64\cpython-3.9.7-windows64\python\install\Lib\site-packages)
                 sysconfig.get_path('include'): addons\windows64\cpython-3.9.7-windows64\python\install\Include(C:\Users\nikla\OneDrive\Dokumente\repositories\py4godot---Open-Project\addons\windows64\cpython-3.9.7-windows64\python\install\include)
                 sysconfig.get_path('scripts'): addons\windows64\cpython-3.9.7-windows64\python\install\Scripts(C:\Users\nikla\OneDrive\Dokumente\repositories\py4godot---Open-Project\addons\windows64\cpython-3.9.7-windows64\python\install\Scripts)
                 sysconfig.get_path('data'): addons\windows64\cpython-3.9.7-windows64\python\install(C:\Users\nikla\OneDrive\Dokumente\repositories\py4godot---Open-Project\addons\windows64\cpython-3.9.7-windows64\python\install)
                 os.__file__: C:\Users\nikla\OneDrive\Dokumente\repositories\py4godot---Open-Project\addons\windows64\cpython-3.9.7-windows64\python\install\lib\os.py(C:\Users\nikla\OneDrive\Dokumente\repositories\py4godot---Open-Project\addons\windows64\cpython-3.9.7-windows64\python\install\Lib\os.py)
                 threading.__file__: C:\Users\nikla\OneDrive\Dokumente\repositories\py4godot---Open-Project\addons\windows64\cpython-3.9.7-windows64\python\install\lib\threading.py(C:\Users\nikla\OneDrive\Dokumente\repositories\py4godot---Open-Project\addons\windows64\cpython-3.9.7-windows64\python\install\Lib\threading.py)
                 debugpy.__file__: C:\Users\nikla\OneDrive\Dokumente\repositories\py4godot---Open-Project\addons\windows64\cpython-3.9.7-windows64\python\install\lib\site-packages\debugpy\__init__.py(C:\Users\nikla\OneDrive\Dokumente\repositories\py4godot---Open-Project\addons\windows64\cpython-3.9.7-windows64\python\install\Lib\site-packages\debugpy\__init__.py)

D+00000.140: configure(None, {'python': 'C:\\Users\\nikla\\OneDrive\\Dokumente\\repositories\\py4godot---Open-Project\\addons\\windows64\\cpython-3.9.7-windows64\\python\\install\\python.exe'})

D+00000.140: listen(('localhost', 5678), **{})

I+00000.140: Initial debug configuration: {
                 "qt": "none",
                 "subProcess": true,
                 "python": "C:\\Users\\nikla\\OneDrive\\Dokumente\\repositories\\py4godot---Open-Project\\addons\\windows64\\cpython-3.9.7-windows64\\python\\install\\python.exe",
                 "pythonEnv": {}
             }

I+00000.140: Waiting for adapter endpoints on 127.0.0.1:57910...

I+00000.140: debugpy.listen() spawning adapter: [
                 "C:\\Users\\nikla\\OneDrive\\Dokumente\\repositories\\py4godot---Open-Project\\addons\\windows64\\cpython-3.9.7-windows64\\python\\install\\python.exe",
                 "C:\\Users\\nikla\\OneDrive\\Dokumente\\repositories\\py4godot---Open-Project\\addons\\windows64\\cpython-3.9.7-windows64\\python\\install\\lib\\site-packages\\debugpy\\adapter",
                 "--for-server",
                 "57910",
                 "--host",
                 "localhost",
                 "--port",
                 "5678",
                 "--server-access-token",
                 "2fe5e91367810a6f2f86e6e28dc03010052c6510b4df90a1625becf7038dc400",
                 "--log-dir",
                 "log.txt"
             ]

I+00000.312: Endpoints received from adapter: {
                 "error": "Can't listen for client connections: [WinError 10048] Normalerweise darf jede Socketadresse (Protokoll, Netzwerkadresse oder Anschluss) nur jeweils einmal verwendet werden",
                 "server": {
                     "host": "127.0.0.1",
                     "port": 57911
                 }
             }

I+00000.312: listen() failed:
             
             Traceback (most recent call last):
               File "C:\Users\nikla\OneDrive\Dokumente\repositories\py4godot---Open-Project\addons\windows64\cpython-3.9.7-windows64\python\install\lib\site-packages\debugpy\server\api.py", line 141, in debug
                 return func(address, settrace_kwargs, **kwargs)
               File "C:\Users\nikla\OneDrive\Dokumente\repositories\py4godot---Open-Project\addons\windows64\cpython-3.9.7-windows64\python\install\lib\site-packages\debugpy\server\api.py", line 262, in listen
                 raise RuntimeError(str(endpoints["error"]))
             RuntimeError: Can't listen for client connections: [WinError 10048] Normalerweise darf jede Socketadresse (Protokoll, Netzwerkadresse oder Anschluss) nur jeweils einmal verwendet werden
             
             Stack where logged:
               File "Scripts/CharHandler.py", line 130, in _ready
                 debugpy.listen(("localhost", 5678))
               File "C:\Users\nikla\OneDrive\Dokumente\repositories\py4godot---Open-Project\addons\windows64\cpython-3.9.7-windows64\python\install\lib\site-packages\debugpy\public_api.py", line 31, in wrapper
                 return wrapped(*args, **kwargs)
               File "C:\Users\nikla\OneDrive\Dokumente\repositories\py4godot---Open-Project\addons\windows64\cpython-3.9.7-windows64\python\install\lib\site-packages\debugpy\server\api.py", line 143, in debug
                 log.reraise_exception("{0}() failed:", func.__name__, level="info")
               File "C:\Users\nikla\OneDrive\Dokumente\repositories\py4godot---Open-Project\addons\windows64\cpython-3.9.7-windows64\python\install\lib\site-packages\debugpy\common\log.py", line 222, in reraise_exception
                 _exception(format_string, *args, **kwargs)
             

I+00041.765: Not logging to "<stderr>" anymore.

