0.39s - pydevd: Use libraries filter: False

0.00s - IDE_PROJECT_ROOTS []

0.00s - Collecting default library roots.
0.01s - LIBRARY_ROOTS ['C:\\Users\\nikla\\AppData\\Roaming\\Python\\Python39\\site-packages', 'C:\\Users\\nikla\\OneDrive\\Dokumente\\repositories\\py4godot---Open-Project\\addons\\windows64\\cpython-3.9.7-windows64\\python\\install', 'C:\\Users\\nikla\\OneDrive\\Dokumente\\repositories\\py4godot---Open-Project\\addons\\windows64\\cpython-3.9.7-windows64\\python\\install\\Lib', 'C:\\Users\\nikla\\OneDrive\\Dokumente\\repositories\\py4godot---Open-Project\\addons\\windows64\\cpython-3.9.7-windows64\\python\\install\\Lib\\site-packages', 'C:\\Users\\nikla\\OneDrive\\Dokumente\\repositories\\py4godot---Open-Project\\addons\\windows64\\cpython-3.9.7-windows64\\python\\install\\lib', 'C:\\Users\\nikla\\OneDrive\\Dokumente\\repositories\\py4godot---Open-Project\\addons\\windows64\\cpython-3.9.7-windows64\\python\\install\\lib\\site-packages', 'addons/windows64/cpython-3.9.7-windows64/python/install', 'addons/windows64/cpython-3.9.7-windows64/python/install\\lib\\site-packages', 'addons\\windows64\\cpython-3.9.7-windows64\\python\\install\\Lib', 'addons\\windows64\\cpython-3.9.7-windows64\\python\\install\\Lib\\site-packages']

0.00s - Apply debug mode: debugpy-dap
0.00s - Preimport: C:\Users\nikla\OneDrive\Dokumente\repositories\py4godot---Open-Project\addons\windows64\cpython-3.9.7-windows64\python\install\lib\site-packages;debugpy._vendored.force_pydevd
0.00s - Connecting to 127.0.0.1:55634
0.00s - Connected.
0.00s - Applying patching to hide pydevd threads (Py3 version).
0.00s - Process PydevdAuthorizeRequest: {
    "arguments": {
        "debugServerAccessToken": "c54983d009766278ad1532dcf99ecbe3d6da6b35ae64ebb26320411184b8b26e"
    },
    "command": "pydevdAuthorize",
    "seq": 1,
    "type": "request"
}

0.00s - sending cmd (http_json) -->           CMD_RETURN {"type": "response", "request_seq": 1, "success": true, "command": "pydevdAuthorize", "body": {"clientAccessToken": null}, "seq": 2, "pydevd_cmd_id": 502}

0.00s - Process PydevdSystemInfoRequest: {
    "arguments": {},
    "command": "pydevdSystemInfo",
    "seq": 2,
    "type": "request"
}

0.01s - sending cmd (http_json) -->           CMD_RETURN {"type": "response", "request_seq": 2, "success": true, "command": "pydevdSystemInfo", "body": {"python": {"version": "3.9.7final0", "implementation": {"name": "cpython", "version": "3.9.7final0", "description": "CPython"}}, "platform": {"name": "win32"}, "process": {"pid": 7372, "ppid": 25112, "executable": "C:\\Users\\nikla\\Downloads\\Godot_v3.5.1-stable_win64.exe(1)\\Godot_v3.5.1-stable_win64.exe", "bitness": 64}, "pydevd": {"usingCython": true, "usingFrameEval": false}}, "seq": 4, "pydevd_cmd_id": 502}

0.10s - Successfully Loaded helper lib to set tracing to all threads.
0.01s - SKIP set tracing of frame: C:\Users\nikla\OneDrive\Dokumente\repositories\py4godot---Open-Project\addons\windows64\cpython-3.9.7-windows64\python\install\lib\threading.py - wait
0.00s - SKIP set tracing of frame: C:\Users\nikla\OneDrive\Dokumente\repositories\py4godot---Open-Project\addons\windows64\cpython-3.9.7-windows64\python\install\lib\threading.py - wait
0.00s - SKIP set tracing of frame: C:\Users\nikla\OneDrive\Dokumente\repositories\py4godot---Open-Project\addons\windows64\cpython-3.9.7-windows64\python\install\lib\site-packages\debugpy\_vendored\pydevd\pydevd.py - _on_run
0.00s - SKIP set tracing of frame: C:\Users\nikla\OneDrive\Dokumente\repositories\py4godot---Open-Project\addons\windows64\cpython-3.9.7-windows64\python\install\lib\site-packages\debugpy\_vendored\pydevd\_pydevd_bundle\pydevd_daemon_thread.py - run
0.00s - SKIP set tracing of frame: C:\Users\nikla\OneDrive\Dokumente\repositories\py4godot---Open-Project\addons\windows64\cpython-3.9.7-windows64\python\install\lib\threading.py - _bootstrap_inner
0.00s - SKIP set tracing of frame: C:\Users\nikla\OneDrive\Dokumente\repositories\py4godot---Open-Project\addons\windows64\cpython-3.9.7-windows64\python\install\lib\threading.py - _bootstrap
0.00s - SKIP set tracing of frame: C:\Users\nikla\OneDrive\Dokumente\repositories\py4godot---Open-Project\addons\windows64\cpython-3.9.7-windows64\python\install\lib\threading.py - wait
0.00s - SKIP set tracing of frame: C:\Users\nikla\OneDrive\Dokumente\repositories\py4godot---Open-Project\addons\windows64\cpython-3.9.7-windows64\python\install\lib\threading.py - wait
0.00s - SKIP set tracing of frame: C:\Users\nikla\OneDrive\Dokumente\repositories\py4godot---Open-Project\addons\windows64\cpython-3.9.7-windows64\python\install\lib\site-packages\debugpy\_vendored\pydevd\pydevd.py - _on_run
0.00s - SKIP set tracing of frame: C:\Users\nikla\OneDrive\Dokumente\repositories\py4godot---Open-Project\addons\windows64\cpython-3.9.7-windows64\python\install\lib\site-packages\debugpy\_vendored\pydevd\_pydevd_bundle\pydevd_daemon_thread.py - run
0.00s - SKIP set tracing of frame: C:\Users\nikla\OneDrive\Dokumente\repositories\py4godot---Open-Project\addons\windows64\cpython-3.9.7-windows64\python\install\lib\threading.py - _bootstrap_inner
0.00s - SKIP set tracing of frame: C:\Users\nikla\OneDrive\Dokumente\repositories\py4godot---Open-Project\addons\windows64\cpython-3.9.7-windows64\python\install\lib\threading.py - _bootstrap
0.00s - SKIP set tracing of frame: C:\Users\nikla\OneDrive\Dokumente\repositories\py4godot---Open-Project\addons\windows64\cpython-3.9.7-windows64\python\install\lib\site-packages\debugpy\_vendored\pydevd\_pydevd_bundle\pydevd_comm.py - _read_line
0.00s - SKIP set tracing of frame: C:\Users\nikla\OneDrive\Dokumente\repositories\py4godot---Open-Project\addons\windows64\cpython-3.9.7-windows64\python\install\lib\site-packages\debugpy\_vendored\pydevd\_pydevd_bundle\pydevd_comm.py - _on_run
0.00s - SKIP set tracing of frame: C:\Users\nikla\OneDrive\Dokumente\repositories\py4godot---Open-Project\addons\windows64\cpython-3.9.7-windows64\python\install\lib\site-packages\debugpy\_vendored\pydevd\_pydevd_bundle\pydevd_daemon_thread.py - run
0.00s - SKIP set tracing of frame: C:\Users\nikla\OneDrive\Dokumente\repositories\py4godot---Open-Project\addons\windows64\cpython-3.9.7-windows64\python\install\lib\threading.py - _bootstrap_inner
0.00s - SKIP set tracing of frame: C:\Users\nikla\OneDrive\Dokumente\repositories\py4godot---Open-Project\addons\windows64\cpython-3.9.7-windows64\python\install\lib\threading.py - _bootstrap
0.00s - SKIP set tracing of frame: C:\Users\nikla\OneDrive\Dokumente\repositories\py4godot---Open-Project\addons\windows64\cpython-3.9.7-windows64\python\install\lib\threading.py - wait
0.00s - SKIP set tracing of frame: C:\Users\nikla\OneDrive\Dokumente\repositories\py4godot---Open-Project\addons\windows64\cpython-3.9.7-windows64\python\install\lib\queue.py - get
0.00s - SKIP set tracing of frame: C:\Users\nikla\OneDrive\Dokumente\repositories\py4godot---Open-Project\addons\windows64\cpython-3.9.7-windows64\python\install\lib\site-packages\debugpy\_vendored\pydevd\_pydevd_bundle\pydevd_comm.py - _on_run
0.00s - SKIP set tracing of frame: C:\Users\nikla\OneDrive\Dokumente\repositories\py4godot---Open-Project\addons\windows64\cpython-3.9.7-windows64\python\install\lib\site-packages\debugpy\_vendored\pydevd\_pydevd_bundle\pydevd_daemon_thread.py - run
0.00s - SKIP set tracing of frame: C:\Users\nikla\OneDrive\Dokumente\repositories\py4godot---Open-Project\addons\windows64\cpython-3.9.7-windows64\python\install\lib\threading.py - _bootstrap_inner
0.00s - SKIP set tracing of frame: C:\Users\nikla\OneDrive\Dokumente\repositories\py4godot---Open-Project\addons\windows64\cpython-3.9.7-windows64\python\install\lib\threading.py - _bootstrap
0.00s - SKIP set tracing of frame: C:\Users\nikla\OneDrive\Dokumente\repositories\py4godot---Open-Project\addons\windows64\cpython-3.9.7-windows64\python\install\lib\site-packages\debugpy\_vendored\pydevd\pydevd.py - set_tracing_for_untraced_contexts
0.00s - SKIP set tracing of frame: C:\Users\nikla\OneDrive\Dokumente\repositories\py4godot---Open-Project\addons\windows64\cpython-3.9.7-windows64\python\install\lib\site-packages\debugpy\_vendored\pydevd\pydevd.py - _locked_settrace
0.00s - SKIP set tracing of frame: C:\Users\nikla\OneDrive\Dokumente\repositories\py4godot---Open-Project\addons\windows64\cpython-3.9.7-windows64\python\install\lib\site-packages\debugpy\_vendored\pydevd\pydevd.py - settrace
0.00s - SKIP set tracing of frame: C:\Users\nikla\OneDrive\Dokumente\repositories\py4godot---Open-Project\addons\windows64\cpython-3.9.7-windows64\python\install\lib\site-packages\debugpy\server\api.py - _settrace
0.00s - SKIP set tracing of frame: C:\Users\nikla\OneDrive\Dokumente\repositories\py4godot---Open-Project\addons\windows64\cpython-3.9.7-windows64\python\install\lib\site-packages\debugpy\server\api.py - listen
0.00s - SKIP set tracing of frame: C:\Users\nikla\OneDrive\Dokumente\repositories\py4godot---Open-Project\addons\windows64\cpython-3.9.7-windows64\python\install\lib\site-packages\debugpy\server\api.py - debug
0.00s - SKIP set tracing of frame: C:\Users\nikla\OneDrive\Dokumente\repositories\py4godot---Open-Project\addons\windows64\cpython-3.9.7-windows64\python\install\lib\site-packages\debugpy\public_api.py - wrapper
0.00s - Set tracing of frame: Scripts/CharHandler.py - _ready
0.00s - SKIP set tracing of frame: C:\Users\nikla\OneDrive\Dokumente\repositories\py4godot---Open-Project\addons\windows64\cpython-3.9.7-windows64\python\install\lib\site-packages\debugpy\_vendored\pydevd\pydevd.py - settrace
0.00s - SKIP set tracing of frame: C:\Users\nikla\OneDrive\Dokumente\repositories\py4godot---Open-Project\addons\windows64\cpython-3.9.7-windows64\python\install\lib\site-packages\debugpy\server\api.py - _settrace
0.00s - SKIP set tracing of frame: C:\Users\nikla\OneDrive\Dokumente\repositories\py4godot---Open-Project\addons\windows64\cpython-3.9.7-windows64\python\install\lib\site-packages\debugpy\server\api.py - listen
0.00s - SKIP set tracing of frame: C:\Users\nikla\OneDrive\Dokumente\repositories\py4godot---Open-Project\addons\windows64\cpython-3.9.7-windows64\python\install\lib\site-packages\debugpy\server\api.py - debug
0.00s - SKIP set tracing of frame: C:\Users\nikla\OneDrive\Dokumente\repositories\py4godot---Open-Project\addons\windows64\cpython-3.9.7-windows64\python\install\lib\site-packages\debugpy\public_api.py - wrapper
9.82s - Process PydevdAuthorizeRequest: {
    "arguments": {
        "debugServerAccessToken": "c54983d009766278ad1532dcf99ecbe3d6da6b35ae64ebb26320411184b8b26e"
    },
    "command": "pydevdAuthorize",
    "seq": 3,
    "type": "request"
}

0.00s - sending cmd (http_json) -->           CMD_RETURN {"type": "response", "request_seq": 3, "success": true, "command": "pydevdAuthorize", "body": {"clientAccessToken": null}, "seq": 6, "pydevd_cmd_id": 502}

0.00s - Process InitializeRequest: {
    "arguments": {
        "adapterID": "python",
        "clientID": "vscode",
        "clientName": "Visual Studio Code",
        "columnsStartAt1": true,
        "linesStartAt1": true,
        "locale": "en",
        "pathFormat": "path",
        "supportsArgsCanBeInterpretedByShell": true,
        "supportsInvalidatedEvent": true,
        "supportsMemoryEvent": true,
        "supportsMemoryReferences": true,
        "supportsProgressReporting": true,
        "supportsRunInTerminalRequest": true,
        "supportsStartDebuggingRequest": true,
        "supportsVariablePaging": true,
        "supportsVariableType": true
    },
    "command": "initialize",
    "seq": 4,
    "type": "request"
}

0.00s - sending cmd (http_json) -->           CMD_RETURN {"type": "response", "request_seq": 4, "success": true, "command": "initialize", "seq": 8, "body": {"supportsConfigurationDoneRequest": true, "supportsFunctionBreakpoints": true, "supportsConditionalBreakpoints": true, "supportsHitConditionalBreakpoints": true, "supportsEvaluateForHovers": true, "exceptionBreakpointFilters": [{"filter": "raised", "label": "Raised Exceptions", "default": false}, {"filter": "uncaught", "label": "Uncaught Exceptions", "default": true}, {"filter": "userUnhandled", "label": "User Uncaught Exceptions", "default": false}], "supportsStepBack": false, "supportsSetVariable": true, "supportsRestartFrame": false, "supportsGotoTargetsRequest": true, "supportsStepInTargetsRequest": true, "supportsCompletionsRequest": true, "completionTriggerCharacters": [], "supportsModulesRequest": true, "additionalModuleColumns": [], "supportedChecksumAlgorithms": [], "supportsRestartRequest": false, "supportsExceptionOptions": true, "supportsValueFormattingOptions": true, "supportsExceptionInfoRequest": true, "supportTerminateDebuggee": true, "supportsDelayedStackTraceLoading": true, "supportsLoadedSourcesRequest": false, "supportsLogPoints": true, "supportsTerminateThreadsRequest": false, "supportsSetExpression": true, "supportsTerminateRequest": true, "supportsDataBreakpoints": false, "supportsReadMemoryRequest": false, "supportsDisassembleRequest": false, "supportsClipboardContext": true, "supportsDebuggerProperties": true, "pydevd": {"processId": 7372}}, "pydevd_cmd_id": 502}

0.00s - Process AttachRequest: {
    "arguments": {
        "__configurationTarget": 6,
        "__sessionId": "686f4f58-a088-4576-958d-ed0e5a56a106",
        "clientOS": "windows",
        "debugOptions": [
            "RedirectOutput",
            "FixFilePathCase",
            "ShowReturnValue"
        ],
        "host": "localhost",
        "justMyCode": true,
        "name": "Attach (Remote Debug)",
        "pathMappings": [
            {
                "localRoot": "c:\\Users\\nikla\\OneDrive\\Dokumente\\repositories\\py4godot---Open-Project",
                "remoteRoot": "c:\\Users\\nikla\\OneDrive\\Dokumente\\repositories\\py4godot---Open-Project"
            }
        ],
        "port": 5678,
        "preLaunchTask": "start-godot",
        "request": "attach",
        "showReturnValue": true,
        "type": "python",
        "workspaceFolder": "c:\\Users\\nikla\\OneDrive\\Dokumente\\repositories\\py4godot---Open-Project"
    },
    "command": "attach",
    "seq": 5,
    "type": "request"
}

0.00s - sending cmd (http_json) -->    CMD_PROCESS_EVENT {"type": "event", "event": "process", "body": {"name": "", "systemProcessId": 7372, "isLocalProcess": true, "startMethod": "attach"}, "seq": 10, "pydevd_cmd_id": 204}

0.00s - pydevd: Use libraries filter: True

0.00s - Show return values: True
0.00s - sending cmd (http_json) -->           CMD_RETURN {"type": "event", "event": "initialized", "seq": 12, "pydevd_cmd_id": 502}

0.00s - sending cmd (http_json) -->           CMD_RETURN {"type": "response", "request_seq": 5, "success": true, "command": "attach", "seq": 14, "pydevd_cmd_id": 502}

0.01s - Process SetBreakpointsRequest: {
    "arguments": {
        "breakpoints": [
            {
                "line": 5
            }
        ],
        "lines": [
            5
        ],
        "source": {
            "name": "hello.py",
            "path": "c:\\Users\\nikla\\OneDrive\\Dokumente\\repositories\\py4godot---Open-Project\\hello.py"
        },
        "sourceModified": false
    },
    "command": "setBreakpoints",
    "seq": 6,
    "type": "request"
}

0.00s - Request for breakpoint in: c:\Users\nikla\OneDrive\Dokumente\repositories\py4godot---Open-Project\hello.py line: 5
0.00s - Breakpoint (after path translation) in: c:\users\nikla\onedrive\dokumente\repositories\py4godot---open-project\hello.py line: 5
0.00s - File traced: c:\users\nikla\onedrive\dokumente\repositories\py4godot---open-project\hello.py
0.00s - Added breakpoint:c:\users\nikla\onedrive\dokumente\repositories\py4godot---open-project\hello.py - line:1 - func_name:None

0.00s - SKIP set tracing of frame: C:\Users\nikla\OneDrive\Dokumente\repositories\py4godot---Open-Project\addons\windows64\cpython-3.9.7-windows64\python\install\lib\threading.py - wait
0.00s - SKIP set tracing of frame: C:\Users\nikla\OneDrive\Dokumente\repositories\py4godot---Open-Project\addons\windows64\cpython-3.9.7-windows64\python\install\lib\threading.py - wait
0.00s - SKIP set tracing of frame: C:\Users\nikla\OneDrive\Dokumente\repositories\py4godot---Open-Project\addons\windows64\cpython-3.9.7-windows64\python\install\lib\site-packages\debugpy\_vendored\pydevd\pydevd.py - _on_run
0.00s - SKIP set tracing of frame: C:\Users\nikla\OneDrive\Dokumente\repositories\py4godot---Open-Project\addons\windows64\cpython-3.9.7-windows64\python\install\lib\site-packages\debugpy\_vendored\pydevd\_pydevd_bundle\pydevd_daemon_thread.py - run
0.00s - SKIP set tracing of frame: C:\Users\nikla\OneDrive\Dokumente\repositories\py4godot---Open-Project\addons\windows64\cpython-3.9.7-windows64\python\install\lib\threading.py - _bootstrap_inner
0.00s - SKIP set tracing of frame: C:\Users\nikla\OneDrive\Dokumente\repositories\py4godot---Open-Project\addons\windows64\cpython-3.9.7-windows64\python\install\lib\threading.py - _bootstrap
0.00s - SKIP set tracing of frame: C:\Users\nikla\OneDrive\Dokumente\repositories\py4godot---Open-Project\addons\windows64\cpython-3.9.7-windows64\python\install\lib\threading.py - wait
0.00s - SKIP set tracing of frame: C:\Users\nikla\OneDrive\Dokumente\repositories\py4godot---Open-Project\addons\windows64\cpython-3.9.7-windows64\python\install\lib\threading.py - wait
0.00s - SKIP set tracing of frame: C:\Users\nikla\OneDrive\Dokumente\repositories\py4godot---Open-Project\addons\windows64\cpython-3.9.7-windows64\python\install\lib\site-packages\debugpy\_vendored\pydevd\pydevd.py - _on_run
0.00s - SKIP set tracing of frame: C:\Users\nikla\OneDrive\Dokumente\repositories\py4godot---Open-Project\addons\windows64\cpython-3.9.7-windows64\python\install\lib\site-packages\debugpy\_vendored\pydevd\_pydevd_bundle\pydevd_daemon_thread.py - run
0.00s - SKIP set tracing of frame: C:\Users\nikla\OneDrive\Dokumente\repositories\py4godot---Open-Project\addons\windows64\cpython-3.9.7-windows64\python\install\lib\threading.py - _bootstrap_inner
0.00s - SKIP set tracing of frame: C:\Users\nikla\OneDrive\Dokumente\repositories\py4godot---Open-Project\addons\windows64\cpython-3.9.7-windows64\python\install\lib\threading.py - _bootstrap
0.00s - SKIP set tracing of frame: C:\Users\nikla\OneDrive\Dokumente\repositories\py4godot---Open-Project\addons\windows64\cpython-3.9.7-windows64\python\install\lib\site-packages\debugpy\_vendored\pydevd\pydevd.py - set_tracing_for_untraced_contexts
0.00s - SKIP set tracing of frame: C:\Users\nikla\OneDrive\Dokumente\repositories\py4godot---Open-Project\addons\windows64\cpython-3.9.7-windows64\python\install\lib\site-packages\debugpy\_vendored\pydevd\pydevd.py - on_breakpoints_changed
0.00s - SKIP set tracing of frame: C:\Users\nikla\OneDrive\Dokumente\repositories\py4godot---Open-Project\addons\windows64\cpython-3.9.7-windows64\python\install\lib\site-packages\debugpy\_vendored\pydevd\_pydevd_bundle\pydevd_api.py - add_breakpoint
0.00s - SKIP set tracing of frame: C:\Users\nikla\OneDrive\Dokumente\repositories\py4godot---Open-Project\addons\windows64\cpython-3.9.7-windows64\python\install\lib\site-packages\debugpy\_vendored\pydevd\_pydevd_bundle\pydevd_process_net_command_json.py - on_setbreakpoints_request
0.00s - SKIP set tracing of frame: C:\Users\nikla\OneDrive\Dokumente\repositories\py4godot---Open-Project\addons\windows64\cpython-3.9.7-windows64\python\install\lib\site-packages\debugpy\_vendored\pydevd\_pydevd_bundle\pydevd_process_net_command_json.py - process_net_command_json
0.00s - SKIP set tracing of frame: C:\Users\nikla\OneDrive\Dokumente\repositories\py4godot---Open-Project\addons\windows64\cpython-3.9.7-windows64\python\install\lib\site-packages\debugpy\_vendored\pydevd\_pydevd_bundle\pydevd_comm.py - _on_run
0.00s - SKIP set tracing of frame: C:\Users\nikla\OneDrive\Dokumente\repositories\py4godot---Open-Project\addons\windows64\cpython-3.9.7-windows64\python\install\lib\site-packages\debugpy\_vendored\pydevd\_pydevd_bundle\pydevd_daemon_thread.py - run
0.00s - SKIP set tracing of frame: C:\Users\nikla\OneDrive\Dokumente\repositories\py4godot---Open-Project\addons\windows64\cpython-3.9.7-windows64\python\install\lib\threading.py - _bootstrap_inner
0.00s - SKIP set tracing of frame: C:\Users\nikla\OneDrive\Dokumente\repositories\py4godot---Open-Project\addons\windows64\cpython-3.9.7-windows64\python\install\lib\threading.py - _bootstrap
0.00s - SKIP set tracing of frame: C:\Users\nikla\OneDrive\Dokumente\repositories\py4godot---Open-Project\addons\windows64\cpython-3.9.7-windows64\python\install\lib\threading.py - wait
0.00s - SKIP set tracing of frame: C:\Users\nikla\OneDrive\Dokumente\repositories\py4godot---Open-Project\addons\windows64\cpython-3.9.7-windows64\python\install\lib\queue.py - get
0.00s - SKIP set tracing of frame: C:\Users\nikla\OneDrive\Dokumente\repositories\py4godot---Open-Project\addons\windows64\cpython-3.9.7-windows64\python\install\lib\site-packages\debugpy\_vendored\pydevd\_pydevd_bundle\pydevd_comm.py - _on_run
0.00s - SKIP set tracing of frame: C:\Users\nikla\OneDrive\Dokumente\repositories\py4godot---Open-Project\addons\windows64\cpython-3.9.7-windows64\python\install\lib\site-packages\debugpy\_vendored\pydevd\_pydevd_bundle\pydevd_daemon_thread.py - run
0.00s - SKIP set tracing of frame: C:\Users\nikla\OneDrive\Dokumente\repositories\py4godot---Open-Project\addons\windows64\cpython-3.9.7-windows64\python\install\lib\threading.py - _bootstrap_inner
0.00s - SKIP set tracing of frame: C:\Users\nikla\OneDrive\Dokumente\repositories\py4godot---Open-Project\addons\windows64\cpython-3.9.7-windows64\python\install\lib\threading.py - _bootstrap
0.00s - SKIP set tracing of frame: C:\Users\nikla\OneDrive\Dokumente\repositories\py4godot---Open-Project\addons\windows64\cpython-3.9.7-windows64\python\install\lib\threading.py - wait
0.00s - SKIP set tracing of frame: C:\Users\nikla\OneDrive\Dokumente\repositories\py4godot---Open-Project\addons\windows64\cpython-3.9.7-windows64\python\install\lib\threading.py - wait
0.00s - SKIP set tracing of frame: C:\Users\nikla\OneDrive\Dokumente\repositories\py4godot---Open-Project\addons\windows64\cpython-3.9.7-windows64\python\install\lib\site-packages\debugpy\_vendored\pydevd\pydevd.py - block_until_configuration_done
0.00s - SKIP set tracing of frame: C:\Users\nikla\OneDrive\Dokumente\repositories\py4godot---Open-Project\addons\windows64\cpython-3.9.7-windows64\python\install\lib\site-packages\debugpy\_vendored\pydevd\pydevd.py - _wait_for_attach
0.00s - SKIP set tracing of frame: C:\Users\nikla\OneDrive\Dokumente\repositories\py4godot---Open-Project\addons\windows64\cpython-3.9.7-windows64\python\install\lib\site-packages\debugpy\server\api.py - __call__
0.00s - SKIP set tracing of frame: C:\Users\nikla\OneDrive\Dokumente\repositories\py4godot---Open-Project\addons\windows64\cpython-3.9.7-windows64\python\install\lib\site-packages\debugpy\public_api.py - wrapper
0.00s - Set tracing of frame: Scripts/CharHandler.py - _ready
0.00s - sending cmd (http_json) -->           CMD_RETURN {"type": "response", "request_seq": 6, "success": true, "command": "setBreakpoints", "body": {"breakpoints": [{"verified": true, "id": 0, "source": {"name": "hello.py", "path": "c:\\Users\\nikla\\OneDrive\\Dokumente\\repositories\\py4godot---Open-Project\\hello.py"}, "line": 1}]}, "seq": 16, "pydevd_cmd_id": 502}

0.00s - Process SetFunctionBreakpointsRequest: {
    "arguments": {
        "breakpoints": []
    },
    "command": "setFunctionBreakpoints",
    "seq": 7,
    "type": "request"
}

0.00s - SKIP set tracing of frame: C:\Users\nikla\OneDrive\Dokumente\repositories\py4godot---Open-Project\addons\windows64\cpython-3.9.7-windows64\python\install\lib\threading.py - wait
0.00s - SKIP set tracing of frame: C:\Users\nikla\OneDrive\Dokumente\repositories\py4godot---Open-Project\addons\windows64\cpython-3.9.7-windows64\python\install\lib\threading.py - wait
0.00s - SKIP set tracing of frame: C:\Users\nikla\OneDrive\Dokumente\repositories\py4godot---Open-Project\addons\windows64\cpython-3.9.7-windows64\python\install\lib\site-packages\debugpy\_vendored\pydevd\pydevd.py - _on_run
0.00s - SKIP set tracing of frame: C:\Users\nikla\OneDrive\Dokumente\repositories\py4godot---Open-Project\addons\windows64\cpython-3.9.7-windows64\python\install\lib\site-packages\debugpy\_vendored\pydevd\_pydevd_bundle\pydevd_daemon_thread.py - run
0.00s - SKIP set tracing of frame: C:\Users\nikla\OneDrive\Dokumente\repositories\py4godot---Open-Project\addons\windows64\cpython-3.9.7-windows64\python\install\lib\threading.py - _bootstrap_inner
0.00s - SKIP set tracing of frame: C:\Users\nikla\OneDrive\Dokumente\repositories\py4godot---Open-Project\addons\windows64\cpython-3.9.7-windows64\python\install\lib\threading.py - _bootstrap
0.00s - SKIP set tracing of frame: C:\Users\nikla\OneDrive\Dokumente\repositories\py4godot---Open-Project\addons\windows64\cpython-3.9.7-windows64\python\install\lib\threading.py - wait
0.00s - SKIP set tracing of frame: C:\Users\nikla\OneDrive\Dokumente\repositories\py4godot---Open-Project\addons\windows64\cpython-3.9.7-windows64\python\install\lib\threading.py - wait
0.00s - SKIP set tracing of frame: C:\Users\nikla\OneDrive\Dokumente\repositories\py4godot---Open-Project\addons\windows64\cpython-3.9.7-windows64\python\install\lib\site-packages\debugpy\_vendored\pydevd\pydevd.py - _on_run
0.00s - SKIP set tracing of frame: C:\Users\nikla\OneDrive\Dokumente\repositories\py4godot---Open-Project\addons\windows64\cpython-3.9.7-windows64\python\install\lib\site-packages\debugpy\_vendored\pydevd\_pydevd_bundle\pydevd_daemon_thread.py - run
0.00s - SKIP set tracing of frame: C:\Users\nikla\OneDrive\Dokumente\repositories\py4godot---Open-Project\addons\windows64\cpython-3.9.7-windows64\python\install\lib\threading.py - _bootstrap_inner
0.00s - SKIP set tracing of frame: C:\Users\nikla\OneDrive\Dokumente\repositories\py4godot---Open-Project\addons\windows64\cpython-3.9.7-windows64\python\install\lib\threading.py - _bootstrap
0.00s - SKIP set tracing of frame: C:\Users\nikla\OneDrive\Dokumente\repositories\py4godot---Open-Project\addons\windows64\cpython-3.9.7-windows64\python\install\lib\site-packages\debugpy\_vendored\pydevd\pydevd.py - set_tracing_for_untraced_contexts
0.00s - SKIP set tracing of frame: C:\Users\nikla\OneDrive\Dokumente\repositories\py4godot---Open-Project\addons\windows64\cpython-3.9.7-windows64\python\install\lib\site-packages\debugpy\_vendored\pydevd\pydevd.py - on_breakpoints_changed
0.00s - SKIP set tracing of frame: C:\Users\nikla\OneDrive\Dokumente\repositories\py4godot---Open-Project\addons\windows64\cpython-3.9.7-windows64\python\install\lib\site-packages\debugpy\_vendored\pydevd\_pydevd_bundle\pydevd_api.py - set_function_breakpoints
0.00s - SKIP set tracing of frame: C:\Users\nikla\OneDrive\Dokumente\repositories\py4godot---Open-Project\addons\windows64\cpython-3.9.7-windows64\python\install\lib\site-packages\debugpy\_vendored\pydevd\_pydevd_bundle\pydevd_process_net_command_json.py - on_setfunctionbreakpoints_request
0.00s - SKIP set tracing of frame: C:\Users\nikla\OneDrive\Dokumente\repositories\py4godot---Open-Project\addons\windows64\cpython-3.9.7-windows64\python\install\lib\site-packages\debugpy\_vendored\pydevd\_pydevd_bundle\pydevd_process_net_command_json.py - process_net_command_json
0.00s - SKIP set tracing of frame: C:\Users\nikla\OneDrive\Dokumente\repositories\py4godot---Open-Project\addons\windows64\cpython-3.9.7-windows64\python\install\lib\site-packages\debugpy\_vendored\pydevd\_pydevd_bundle\pydevd_comm.py - _on_run
0.00s - SKIP set tracing of frame: C:\Users\nikla\OneDrive\Dokumente\repositories\py4godot---Open-Project\addons\windows64\cpython-3.9.7-windows64\python\install\lib\site-packages\debugpy\_vendored\pydevd\_pydevd_bundle\pydevd_daemon_thread.py - run
0.00s - SKIP set tracing of frame: C:\Users\nikla\OneDrive\Dokumente\repositories\py4godot---Open-Project\addons\windows64\cpython-3.9.7-windows64\python\install\lib\threading.py - _bootstrap_inner
0.00s - SKIP set tracing of frame: C:\Users\nikla\OneDrive\Dokumente\repositories\py4godot---Open-Project\addons\windows64\cpython-3.9.7-windows64\python\install\lib\threading.py - _bootstrap
0.00s - SKIP set tracing of frame: C:\Users\nikla\OneDrive\Dokumente\repositories\py4godot---Open-Project\addons\windows64\cpython-3.9.7-windows64\python\install\lib\threading.py - wait
0.00s - SKIP set tracing of frame: C:\Users\nikla\OneDrive\Dokumente\repositories\py4godot---Open-Project\addons\windows64\cpython-3.9.7-windows64\python\install\lib\queue.py - get
0.00s - SKIP set tracing of frame: C:\Users\nikla\OneDrive\Dokumente\repositories\py4godot---Open-Project\addons\windows64\cpython-3.9.7-windows64\python\install\lib\site-packages\debugpy\_vendored\pydevd\_pydevd_bundle\pydevd_comm.py - _on_run
0.00s - SKIP set tracing of frame: C:\Users\nikla\OneDrive\Dokumente\repositories\py4godot---Open-Project\addons\windows64\cpython-3.9.7-windows64\python\install\lib\site-packages\debugpy\_vendored\pydevd\_pydevd_bundle\pydevd_daemon_thread.py - run
0.00s - SKIP set tracing of frame: C:\Users\nikla\OneDrive\Dokumente\repositories\py4godot---Open-Project\addons\windows64\cpython-3.9.7-windows64\python\install\lib\threading.py - _bootstrap_inner
0.00s - SKIP set tracing of frame: C:\Users\nikla\OneDrive\Dokumente\repositories\py4godot---Open-Project\addons\windows64\cpython-3.9.7-windows64\python\install\lib\threading.py - _bootstrap
0.00s - SKIP set tracing of frame: C:\Users\nikla\OneDrive\Dokumente\repositories\py4godot---Open-Project\addons\windows64\cpython-3.9.7-windows64\python\install\lib\threading.py - wait
0.00s - SKIP set tracing of frame: C:\Users\nikla\OneDrive\Dokumente\repositories\py4godot---Open-Project\addons\windows64\cpython-3.9.7-windows64\python\install\lib\threading.py - wait
0.00s - SKIP set tracing of frame: C:\Users\nikla\OneDrive\Dokumente\repositories\py4godot---Open-Project\addons\windows64\cpython-3.9.7-windows64\python\install\lib\site-packages\debugpy\_vendored\pydevd\pydevd.py - block_until_configuration_done
0.00s - SKIP set tracing of frame: C:\Users\nikla\OneDrive\Dokumente\repositories\py4godot---Open-Project\addons\windows64\cpython-3.9.7-windows64\python\install\lib\site-packages\debugpy\_vendored\pydevd\pydevd.py - _wait_for_attach
0.00s - SKIP set tracing of frame: C:\Users\nikla\OneDrive\Dokumente\repositories\py4godot---Open-Project\addons\windows64\cpython-3.9.7-windows64\python\install\lib\site-packages\debugpy\server\api.py - __call__
0.00s - SKIP set tracing of frame: C:\Users\nikla\OneDrive\Dokumente\repositories\py4godot---Open-Project\addons\windows64\cpython-3.9.7-windows64\python\install\lib\site-packages\debugpy\public_api.py - wrapper
0.00s - sending cmd (http_json) -->           CMD_RETURN {"type": "response", "request_seq": 7, "success": true, "command": "setFunctionBreakpoints", "body": {"breakpoints": []}, "seq": 18, "pydevd_cmd_id": 502}

0.00s - Process SetExceptionBreakpointsRequest: {
    "arguments": {
        "filters": [
            "uncaught"
        ]
    },
    "command": "setExceptionBreakpoints",
    "seq": 8,
    "type": "request"
}

0.00s - Exceptions to hook on terminate: {'BaseException': <_pydevd_bundle.pydevd_breakpoints.ExceptionBreakpoint object at 0x000002BC8BF65EE0>}.
0.00s - SKIP set tracing of frame: C:\Users\nikla\OneDrive\Dokumente\repositories\py4godot---Open-Project\addons\windows64\cpython-3.9.7-windows64\python\install\lib\threading.py - wait
0.00s - SKIP set tracing of frame: C:\Users\nikla\OneDrive\Dokumente\repositories\py4godot---Open-Project\addons\windows64\cpython-3.9.7-windows64\python\install\lib\threading.py - wait
0.00s - SKIP set tracing of frame: C:\Users\nikla\OneDrive\Dokumente\repositories\py4godot---Open-Project\addons\windows64\cpython-3.9.7-windows64\python\install\lib\site-packages\debugpy\_vendored\pydevd\pydevd.py - _on_run
0.00s - SKIP set tracing of frame: C:\Users\nikla\OneDrive\Dokumente\repositories\py4godot---Open-Project\addons\windows64\cpython-3.9.7-windows64\python\install\lib\site-packages\debugpy\_vendored\pydevd\_pydevd_bundle\pydevd_daemon_thread.py - run
0.00s - SKIP set tracing of frame: C:\Users\nikla\OneDrive\Dokumente\repositories\py4godot---Open-Project\addons\windows64\cpython-3.9.7-windows64\python\install\lib\threading.py - _bootstrap_inner
0.00s - SKIP set tracing of frame: C:\Users\nikla\OneDrive\Dokumente\repositories\py4godot---Open-Project\addons\windows64\cpython-3.9.7-windows64\python\install\lib\threading.py - _bootstrap
0.00s - SKIP set tracing of frame: C:\Users\nikla\OneDrive\Dokumente\repositories\py4godot---Open-Project\addons\windows64\cpython-3.9.7-windows64\python\install\lib\threading.py - wait
0.00s - SKIP set tracing of frame: C:\Users\nikla\OneDrive\Dokumente\repositories\py4godot---Open-Project\addons\windows64\cpython-3.9.7-windows64\python\install\lib\threading.py - wait
0.00s - SKIP set tracing of frame: C:\Users\nikla\OneDrive\Dokumente\repositories\py4godot---Open-Project\addons\windows64\cpython-3.9.7-windows64\python\install\lib\site-packages\debugpy\_vendored\pydevd\pydevd.py - _on_run
0.00s - SKIP set tracing of frame: C:\Users\nikla\OneDrive\Dokumente\repositories\py4godot---Open-Project\addons\windows64\cpython-3.9.7-windows64\python\install\lib\site-packages\debugpy\_vendored\pydevd\_pydevd_bundle\pydevd_daemon_thread.py - run
0.00s - SKIP set tracing of frame: C:\Users\nikla\OneDrive\Dokumente\repositories\py4godot---Open-Project\addons\windows64\cpython-3.9.7-windows64\python\install\lib\threading.py - _bootstrap_inner
0.00s - SKIP set tracing of frame: C:\Users\nikla\OneDrive\Dokumente\repositories\py4godot---Open-Project\addons\windows64\cpython-3.9.7-windows64\python\install\lib\threading.py - _bootstrap
0.00s - SKIP set tracing of frame: C:\Users\nikla\OneDrive\Dokumente\repositories\py4godot---Open-Project\addons\windows64\cpython-3.9.7-windows64\python\install\lib\site-packages\debugpy\_vendored\pydevd\pydevd.py - set_tracing_for_untraced_contexts
0.00s - SKIP set tracing of frame: C:\Users\nikla\OneDrive\Dokumente\repositories\py4godot---Open-Project\addons\windows64\cpython-3.9.7-windows64\python\install\lib\site-packages\debugpy\_vendored\pydevd\pydevd.py - on_breakpoints_changed
0.00s - SKIP set tracing of frame: C:\Users\nikla\OneDrive\Dokumente\repositories\py4godot---Open-Project\addons\windows64\cpython-3.9.7-windows64\python\install\lib\site-packages\debugpy\_vendored\pydevd\_pydevd_bundle\pydevd_api.py - add_python_exception_breakpoint
0.00s - SKIP set tracing of frame: C:\Users\nikla\OneDrive\Dokumente\repositories\py4godot---Open-Project\addons\windows64\cpython-3.9.7-windows64\python\install\lib\site-packages\debugpy\_vendored\pydevd\_pydevd_bundle\pydevd_process_net_command_json.py - on_setexceptionbreakpoints_request
0.00s - SKIP set tracing of frame: C:\Users\nikla\OneDrive\Dokumente\repositories\py4godot---Open-Project\addons\windows64\cpython-3.9.7-windows64\python\install\lib\site-packages\debugpy\_vendored\pydevd\_pydevd_bundle\pydevd_process_net_command_json.py - process_net_command_json
0.00s - SKIP set tracing of frame: C:\Users\nikla\OneDrive\Dokumente\repositories\py4godot---Open-Project\addons\windows64\cpython-3.9.7-windows64\python\install\lib\site-packages\debugpy\_vendored\pydevd\_pydevd_bundle\pydevd_comm.py - _on_run
0.00s - SKIP set tracing of frame: C:\Users\nikla\OneDrive\Dokumente\repositories\py4godot---Open-Project\addons\windows64\cpython-3.9.7-windows64\python\install\lib\site-packages\debugpy\_vendored\pydevd\_pydevd_bundle\pydevd_daemon_thread.py - run
0.00s - SKIP set tracing of frame: C:\Users\nikla\OneDrive\Dokumente\repositories\py4godot---Open-Project\addons\windows64\cpython-3.9.7-windows64\python\install\lib\threading.py - _bootstrap_inner
0.00s - SKIP set tracing of frame: C:\Users\nikla\OneDrive\Dokumente\repositories\py4godot---Open-Project\addons\windows64\cpython-3.9.7-windows64\python\install\lib\threading.py - _bootstrap
0.00s - SKIP set tracing of frame: C:\Users\nikla\OneDrive\Dokumente\repositories\py4godot---Open-Project\addons\windows64\cpython-3.9.7-windows64\python\install\lib\threading.py - wait
0.00s - SKIP set tracing of frame: C:\Users\nikla\OneDrive\Dokumente\repositories\py4godot---Open-Project\addons\windows64\cpython-3.9.7-windows64\python\install\lib\queue.py - get
0.00s - SKIP set tracing of frame: C:\Users\nikla\OneDrive\Dokumente\repositories\py4godot---Open-Project\addons\windows64\cpython-3.9.7-windows64\python\install\lib\site-packages\debugpy\_vendored\pydevd\_pydevd_bundle\pydevd_comm.py - _on_run
0.00s - SKIP set tracing of frame: C:\Users\nikla\OneDrive\Dokumente\repositories\py4godot---Open-Project\addons\windows64\cpython-3.9.7-windows64\python\install\lib\site-packages\debugpy\_vendored\pydevd\_pydevd_bundle\pydevd_daemon_thread.py - run
0.00s - SKIP set tracing of frame: C:\Users\nikla\OneDrive\Dokumente\repositories\py4godot---Open-Project\addons\windows64\cpython-3.9.7-windows64\python\install\lib\threading.py - _bootstrap_inner
0.00s - SKIP set tracing of frame: C:\Users\nikla\OneDrive\Dokumente\repositories\py4godot---Open-Project\addons\windows64\cpython-3.9.7-windows64\python\install\lib\threading.py - _bootstrap
0.00s - SKIP set tracing of frame: C:\Users\nikla\OneDrive\Dokumente\repositories\py4godot---Open-Project\addons\windows64\cpython-3.9.7-windows64\python\install\lib\threading.py - wait
0.00s - SKIP set tracing of frame: C:\Users\nikla\OneDrive\Dokumente\repositories\py4godot---Open-Project\addons\windows64\cpython-3.9.7-windows64\python\install\lib\threading.py - wait
0.00s - SKIP set tracing of frame: C:\Users\nikla\OneDrive\Dokumente\repositories\py4godot---Open-Project\addons\windows64\cpython-3.9.7-windows64\python\install\lib\site-packages\debugpy\_vendored\pydevd\pydevd.py - block_until_configuration_done
0.00s - SKIP set tracing of frame: C:\Users\nikla\OneDrive\Dokumente\repositories\py4godot---Open-Project\addons\windows64\cpython-3.9.7-windows64\python\install\lib\site-packages\debugpy\_vendored\pydevd\pydevd.py - _wait_for_attach
0.00s - SKIP set tracing of frame: C:\Users\nikla\OneDrive\Dokumente\repositories\py4godot---Open-Project\addons\windows64\cpython-3.9.7-windows64\python\install\lib\site-packages\debugpy\server\api.py - __call__
0.00s - SKIP set tracing of frame: C:\Users\nikla\OneDrive\Dokumente\repositories\py4godot---Open-Project\addons\windows64\cpython-3.9.7-windows64\python\install\lib\site-packages\debugpy\public_api.py - wrapper
0.00s - sending cmd (http_json) -->           CMD_RETURN {"type": "response", "request_seq": 8, "success": true, "command": "setExceptionBreakpoints", "seq": 20, "body": {}, "pydevd_cmd_id": 502}

0.00s - Process ConfigurationDoneRequest: {
    "arguments": {},
    "command": "configurationDone",
    "seq": 9,
    "type": "request"
}

0.00s - sending cmd (http_json) -->           CMD_RETURN {"type": "response", "request_seq": 9, "success": true, "command": "configurationDone", "seq": 22, "pydevd_cmd_id": 502}

0.00s - sending cmd (http_json) -->    CMD_THREAD_CREATE {"type": "event", "event": "thread", "body": {"reason": "started", "threadId": 1}, "seq": 24, "pydevd_cmd_id": 103}

0.00s - File traced: C:\Users\nikla\OneDrive\Dokumente\repositories\py4godot---Open-Project\Scripts\CharHandler.py
0.00s - File traced: C:\Users\nikla\OneDrive\Dokumente\repositories\py4godot---Open-Project\Scripts\Check.py
0.00s - File traced: C:\Users\nikla\OneDrive\Dokumente\repositories\py4godot---Open-Project\Scripts\PushObj.py
0.00s - File traced: C:\Users\nikla\OneDrive\Dokumente\repositories\py4godot---Open-Project\Scripts\Tools\Draw.py
0.00s - File traced: C:\Users\nikla\OneDrive\Dokumente\repositories\py4godot---Open-Project\Scripts\AreaTrigger.py
0.00s - Process ThreadsRequest: {
    "command": "threads",
    "seq": 10,
    "type": "request"
}

0.00s - sending cmd (http_json) -->           CMD_RETURN {"type": "response", "request_seq": 10, "success": true, "command": "threads", "body": {"threads": [{"id": 1, "name": "MainThread"}]}, "seq": 26, "pydevd_cmd_id": 502}

0.00s - File traced: C:\Users\nikla\OneDrive\Dokumente\repositories\py4godot---Open-Project\Scripts\Navigation\AStar.py
0.00s - File not traced (not in project - force_check_project_scope): C:\Users\nikla\OneDrive\Dokumente\repositories\py4godot---Open-Project\addons\windows64\cpython-3.9.7-windows64\python\install\lib\typing.py
0.00s - File traced: C:\Users\nikla\OneDrive\Dokumente\repositories\py4godot---Open-Project\Scripts\Navigation\NavigationUtils.py
0.00s - File traced: C:\Users\nikla\OneDrive\Dokumente\repositories\py4godot---Open-Project\Scripts\Navigation\AStarPoint.py
0.11s - Process ThreadsRequest: {
    "command": "threads",
    "seq": 11,
    "type": "request"
}

0.01s - sending cmd (http_json) -->           CMD_RETURN {"type": "response", "request_seq": 11, "success": true, "command": "threads", "body": {"threads": [{"id": 1, "name": "MainThread"}]}, "seq": 28, "pydevd_cmd_id": 502}

0.60s - File traced: C:\Users\nikla\OneDrive\Dokumente\repositories\py4godot---Open-Project\Scripts\InteractionObjects\Lever.py
2.55s - File traced: C:\Users\nikla\OneDrive\Dokumente\repositories\py4godot---Open-Project\Scripts\PlayerCam.py
22.81s - Process SetBreakpointsRequest: {
    "arguments": {
        "breakpoints": [
            {
                "line": 96
            }
        ],
        "lines": [
            96
        ],
        "source": {
            "name": "CharHandler.py",
            "path": "c:\\Users\\nikla\\OneDrive\\Dokumente\\repositories\\py4godot---Open-Project\\Scripts\\CharHandler.py"
        },
        "sourceModified": false
    },
    "command": "setBreakpoints",
    "seq": 12,
    "type": "request"
}

0.00s - Request for breakpoint in: c:\Users\nikla\OneDrive\Dokumente\repositories\py4godot---Open-Project\Scripts\CharHandler.py line: 96
0.00s - Breakpoint (after path translation) in: c:\users\nikla\onedrive\dokumente\repositories\py4godot---open-project\Scripts\CharHandler.py line: 96
0.00s - File traced: c:\users\nikla\onedrive\dokumente\repositories\py4godot---open-project\Scripts\CharHandler.py
0.00s - Added breakpoint:c:\users\nikla\onedrive\dokumente\repositories\py4godot---open-project\scripts\charhandler.py - line:96 - func_name:None

0.00s - SKIP set tracing of frame: C:\Users\nikla\OneDrive\Dokumente\repositories\py4godot---Open-Project\addons\windows64\cpython-3.9.7-windows64\python\install\lib\threading.py - wait
0.00s - SKIP set tracing of frame: C:\Users\nikla\OneDrive\Dokumente\repositories\py4godot---Open-Project\addons\windows64\cpython-3.9.7-windows64\python\install\lib\threading.py - wait
0.00s - SKIP set tracing of frame: C:\Users\nikla\OneDrive\Dokumente\repositories\py4godot---Open-Project\addons\windows64\cpython-3.9.7-windows64\python\install\lib\site-packages\debugpy\_vendored\pydevd\pydevd.py - _on_run
0.00s - SKIP set tracing of frame: C:\Users\nikla\OneDrive\Dokumente\repositories\py4godot---Open-Project\addons\windows64\cpython-3.9.7-windows64\python\install\lib\site-packages\debugpy\_vendored\pydevd\_pydevd_bundle\pydevd_daemon_thread.py - run
0.00s - SKIP set tracing of frame: C:\Users\nikla\OneDrive\Dokumente\repositories\py4godot---Open-Project\addons\windows64\cpython-3.9.7-windows64\python\install\lib\threading.py - _bootstrap_inner
0.00s - SKIP set tracing of frame: C:\Users\nikla\OneDrive\Dokumente\repositories\py4godot---Open-Project\addons\windows64\cpython-3.9.7-windows64\python\install\lib\threading.py - _bootstrap
0.00s - SKIP set tracing of frame: C:\Users\nikla\OneDrive\Dokumente\repositories\py4godot---Open-Project\addons\windows64\cpython-3.9.7-windows64\python\install\lib\threading.py - wait
0.00s - SKIP set tracing of frame: C:\Users\nikla\OneDrive\Dokumente\repositories\py4godot---Open-Project\addons\windows64\cpython-3.9.7-windows64\python\install\lib\threading.py - wait
0.00s - SKIP set tracing of frame: C:\Users\nikla\OneDrive\Dokumente\repositories\py4godot---Open-Project\addons\windows64\cpython-3.9.7-windows64\python\install\lib\site-packages\debugpy\_vendored\pydevd\pydevd.py - _on_run
0.00s - SKIP set tracing of frame: C:\Users\nikla\OneDrive\Dokumente\repositories\py4godot---Open-Project\addons\windows64\cpython-3.9.7-windows64\python\install\lib\site-packages\debugpy\_vendored\pydevd\_pydevd_bundle\pydevd_daemon_thread.py - run
0.00s - SKIP set tracing of frame: C:\Users\nikla\OneDrive\Dokumente\repositories\py4godot---Open-Project\addons\windows64\cpython-3.9.7-windows64\python\install\lib\threading.py - _bootstrap_inner
0.00s - SKIP set tracing of frame: C:\Users\nikla\OneDrive\Dokumente\repositories\py4godot---Open-Project\addons\windows64\cpython-3.9.7-windows64\python\install\lib\threading.py - _bootstrap
0.00s - SKIP set tracing of frame: C:\Users\nikla\OneDrive\Dokumente\repositories\py4godot---Open-Project\addons\windows64\cpython-3.9.7-windows64\python\install\lib\site-packages\debugpy\_vendored\pydevd\pydevd.py - set_tracing_for_untraced_contexts
0.00s - SKIP set tracing of frame: C:\Users\nikla\OneDrive\Dokumente\repositories\py4godot---Open-Project\addons\windows64\cpython-3.9.7-windows64\python\install\lib\site-packages\debugpy\_vendored\pydevd\pydevd.py - on_breakpoints_changed
0.00s - SKIP set tracing of frame: C:\Users\nikla\OneDrive\Dokumente\repositories\py4godot---Open-Project\addons\windows64\cpython-3.9.7-windows64\python\install\lib\site-packages\debugpy\_vendored\pydevd\_pydevd_bundle\pydevd_api.py - add_breakpoint
0.00s - SKIP set tracing of frame: C:\Users\nikla\OneDrive\Dokumente\repositories\py4godot---Open-Project\addons\windows64\cpython-3.9.7-windows64\python\install\lib\site-packages\debugpy\_vendored\pydevd\_pydevd_bundle\pydevd_process_net_command_json.py - on_setbreakpoints_request
0.00s - SKIP set tracing of frame: C:\Users\nikla\OneDrive\Dokumente\repositories\py4godot---Open-Project\addons\windows64\cpython-3.9.7-windows64\python\install\lib\site-packages\debugpy\_vendored\pydevd\_pydevd_bundle\pydevd_process_net_command_json.py - process_net_command_json
0.00s - SKIP set tracing of frame: C:\Users\nikla\OneDrive\Dokumente\repositories\py4godot---Open-Project\addons\windows64\cpython-3.9.7-windows64\python\install\lib\site-packages\debugpy\_vendored\pydevd\_pydevd_bundle\pydevd_comm.py - _on_run
0.00s - SKIP set tracing of frame: C:\Users\nikla\OneDrive\Dokumente\repositories\py4godot---Open-Project\addons\windows64\cpython-3.9.7-windows64\python\install\lib\site-packages\debugpy\_vendored\pydevd\_pydevd_bundle\pydevd_daemon_thread.py - run
0.00s - SKIP set tracing of frame: C:\Users\nikla\OneDrive\Dokumente\repositories\py4godot---Open-Project\addons\windows64\cpython-3.9.7-windows64\python\install\lib\threading.py - _bootstrap_inner
0.00s - SKIP set tracing of frame: C:\Users\nikla\OneDrive\Dokumente\repositories\py4godot---Open-Project\addons\windows64\cpython-3.9.7-windows64\python\install\lib\threading.py - _bootstrap
0.00s - SKIP set tracing of frame: C:\Users\nikla\OneDrive\Dokumente\repositories\py4godot---Open-Project\addons\windows64\cpython-3.9.7-windows64\python\install\lib\threading.py - wait
0.00s - SKIP set tracing of frame: C:\Users\nikla\OneDrive\Dokumente\repositories\py4godot---Open-Project\addons\windows64\cpython-3.9.7-windows64\python\install\lib\queue.py - get
0.00s - SKIP set tracing of frame: C:\Users\nikla\OneDrive\Dokumente\repositories\py4godot---Open-Project\addons\windows64\cpython-3.9.7-windows64\python\install\lib\site-packages\debugpy\_vendored\pydevd\_pydevd_bundle\pydevd_comm.py - _on_run
0.00s - SKIP set tracing of frame: C:\Users\nikla\OneDrive\Dokumente\repositories\py4godot---Open-Project\addons\windows64\cpython-3.9.7-windows64\python\install\lib\site-packages\debugpy\_vendored\pydevd\_pydevd_bundle\pydevd_daemon_thread.py - run
0.00s - SKIP set tracing of frame: C:\Users\nikla\OneDrive\Dokumente\repositories\py4godot---Open-Project\addons\windows64\cpython-3.9.7-windows64\python\install\lib\threading.py - _bootstrap_inner
0.00s - SKIP set tracing of frame: C:\Users\nikla\OneDrive\Dokumente\repositories\py4godot---Open-Project\addons\windows64\cpython-3.9.7-windows64\python\install\lib\threading.py - _bootstrap
0.00s - sending cmd (http_json) -->           CMD_RETURN {"type": "response", "request_seq": 12, "success": true, "command": "setBreakpoints", "body": {"breakpoints": [{"verified": true, "id": 1, "source": {"name": "CharHandler.py", "path": "c:\\Users\\nikla\\OneDrive\\Dokumente\\repositories\\py4godot---Open-Project\\Scripts\\CharHandler.py"}, "line": 96}]}, "seq": 30, "pydevd_cmd_id": 502}

12.25s - Process SetBreakpointsRequest: {
    "arguments": {
        "breakpoints": [],
        "lines": [],
        "source": {
            "name": "CharHandler.py",
            "path": "c:\\Users\\nikla\\OneDrive\\Dokumente\\repositories\\py4godot---Open-Project\\Scripts\\CharHandler.py"
        },
        "sourceModified": false
    },
    "command": "setBreakpoints",
    "seq": 13,
    "type": "request"
}

0.00s - sending cmd (http_json) -->           CMD_RETURN {"type": "response", "request_seq": 13, "success": true, "command": "setBreakpoints", "body": {"breakpoints": []}, "seq": 32, "pydevd_cmd_id": 502}

6.73s - Process SetBreakpointsRequest: {
    "arguments": {
        "breakpoints": [
            {
                "line": 145
            }
        ],
        "lines": [
            145
        ],
        "source": {
            "name": "CharHandler.py",
            "path": "c:\\Users\\nikla\\OneDrive\\Dokumente\\repositories\\py4godot---Open-Project\\Scripts\\CharHandler.py"
        },
        "sourceModified": false
    },
    "command": "setBreakpoints",
    "seq": 14,
    "type": "request"
}

0.00s - Request for breakpoint in: c:\Users\nikla\OneDrive\Dokumente\repositories\py4godot---Open-Project\Scripts\CharHandler.py line: 145
0.00s - Breakpoint (after path translation) in: c:\users\nikla\onedrive\dokumente\repositories\py4godot---open-project\Scripts\CharHandler.py line: 145
0.00s - Added breakpoint:c:\users\nikla\onedrive\dokumente\repositories\py4godot---open-project\scripts\charhandler.py - line:145 - func_name:None

0.00s - SKIP set tracing of frame: C:\Users\nikla\OneDrive\Dokumente\repositories\py4godot---Open-Project\addons\windows64\cpython-3.9.7-windows64\python\install\lib\threading.py - wait
0.00s - SKIP set tracing of frame: C:\Users\nikla\OneDrive\Dokumente\repositories\py4godot---Open-Project\addons\windows64\cpython-3.9.7-windows64\python\install\lib\threading.py - wait
0.00s - SKIP set tracing of frame: C:\Users\nikla\OneDrive\Dokumente\repositories\py4godot---Open-Project\addons\windows64\cpython-3.9.7-windows64\python\install\lib\site-packages\debugpy\_vendored\pydevd\pydevd.py - _on_run
0.00s - SKIP set tracing of frame: C:\Users\nikla\OneDrive\Dokumente\repositories\py4godot---Open-Project\addons\windows64\cpython-3.9.7-windows64\python\install\lib\site-packages\debugpy\_vendored\pydevd\_pydevd_bundle\pydevd_daemon_thread.py - run
0.01s - SKIP set tracing of frame: C:\Users\nikla\OneDrive\Dokumente\repositories\py4godot---Open-Project\addons\windows64\cpython-3.9.7-windows64\python\install\lib\threading.py - _bootstrap_inner
0.00s - SKIP set tracing of frame: C:\Users\nikla\OneDrive\Dokumente\repositories\py4godot---Open-Project\addons\windows64\cpython-3.9.7-windows64\python\install\lib\threading.py - _bootstrap
0.00s - SKIP set tracing of frame: C:\Users\nikla\OneDrive\Dokumente\repositories\py4godot---Open-Project\addons\windows64\cpython-3.9.7-windows64\python\install\lib\threading.py - wait
0.00s - SKIP set tracing of frame: C:\Users\nikla\OneDrive\Dokumente\repositories\py4godot---Open-Project\addons\windows64\cpython-3.9.7-windows64\python\install\lib\threading.py - wait
0.00s - SKIP set tracing of frame: C:\Users\nikla\OneDrive\Dokumente\repositories\py4godot---Open-Project\addons\windows64\cpython-3.9.7-windows64\python\install\lib\site-packages\debugpy\_vendored\pydevd\pydevd.py - _on_run
0.00s - SKIP set tracing of frame: C:\Users\nikla\OneDrive\Dokumente\repositories\py4godot---Open-Project\addons\windows64\cpython-3.9.7-windows64\python\install\lib\site-packages\debugpy\_vendored\pydevd\_pydevd_bundle\pydevd_daemon_thread.py - run
0.00s - SKIP set tracing of frame: C:\Users\nikla\OneDrive\Dokumente\repositories\py4godot---Open-Project\addons\windows64\cpython-3.9.7-windows64\python\install\lib\threading.py - _bootstrap_inner
0.00s - SKIP set tracing of frame: C:\Users\nikla\OneDrive\Dokumente\repositories\py4godot---Open-Project\addons\windows64\cpython-3.9.7-windows64\python\install\lib\threading.py - _bootstrap
0.00s - SKIP set tracing of frame: C:\Users\nikla\OneDrive\Dokumente\repositories\py4godot---Open-Project\addons\windows64\cpython-3.9.7-windows64\python\install\lib\site-packages\debugpy\_vendored\pydevd\pydevd.py - set_tracing_for_untraced_contexts
0.00s - SKIP set tracing of frame: C:\Users\nikla\OneDrive\Dokumente\repositories\py4godot---Open-Project\addons\windows64\cpython-3.9.7-windows64\python\install\lib\site-packages\debugpy\_vendored\pydevd\pydevd.py - on_breakpoints_changed
0.00s - SKIP set tracing of frame: C:\Users\nikla\OneDrive\Dokumente\repositories\py4godot---Open-Project\addons\windows64\cpython-3.9.7-windows64\python\install\lib\site-packages\debugpy\_vendored\pydevd\_pydevd_bundle\pydevd_api.py - add_breakpoint
0.00s - SKIP set tracing of frame: C:\Users\nikla\OneDrive\Dokumente\repositories\py4godot---Open-Project\addons\windows64\cpython-3.9.7-windows64\python\install\lib\site-packages\debugpy\_vendored\pydevd\_pydevd_bundle\pydevd_process_net_command_json.py - on_setbreakpoints_request
0.00s - SKIP set tracing of frame: C:\Users\nikla\OneDrive\Dokumente\repositories\py4godot---Open-Project\addons\windows64\cpython-3.9.7-windows64\python\install\lib\site-packages\debugpy\_vendored\pydevd\_pydevd_bundle\pydevd_process_net_command_json.py - process_net_command_json
0.00s - SKIP set tracing of frame: C:\Users\nikla\OneDrive\Dokumente\repositories\py4godot---Open-Project\addons\windows64\cpython-3.9.7-windows64\python\install\lib\site-packages\debugpy\_vendored\pydevd\_pydevd_bundle\pydevd_comm.py - _on_run
0.00s - SKIP set tracing of frame: C:\Users\nikla\OneDrive\Dokumente\repositories\py4godot---Open-Project\addons\windows64\cpython-3.9.7-windows64\python\install\lib\site-packages\debugpy\_vendored\pydevd\_pydevd_bundle\pydevd_daemon_thread.py - run
0.00s - SKIP set tracing of frame: C:\Users\nikla\OneDrive\Dokumente\repositories\py4godot---Open-Project\addons\windows64\cpython-3.9.7-windows64\python\install\lib\threading.py - _bootstrap_inner
0.00s - SKIP set tracing of frame: C:\Users\nikla\OneDrive\Dokumente\repositories\py4godot---Open-Project\addons\windows64\cpython-3.9.7-windows64\python\install\lib\threading.py - _bootstrap
0.00s - SKIP set tracing of frame: C:\Users\nikla\OneDrive\Dokumente\repositories\py4godot---Open-Project\addons\windows64\cpython-3.9.7-windows64\python\install\lib\threading.py - wait
0.00s - SKIP set tracing of frame: C:\Users\nikla\OneDrive\Dokumente\repositories\py4godot---Open-Project\addons\windows64\cpython-3.9.7-windows64\python\install\lib\queue.py - get
0.00s - SKIP set tracing of frame: C:\Users\nikla\OneDrive\Dokumente\repositories\py4godot---Open-Project\addons\windows64\cpython-3.9.7-windows64\python\install\lib\site-packages\debugpy\_vendored\pydevd\_pydevd_bundle\pydevd_comm.py - _on_run
0.00s - SKIP set tracing of frame: C:\Users\nikla\OneDrive\Dokumente\repositories\py4godot---Open-Project\addons\windows64\cpython-3.9.7-windows64\python\install\lib\site-packages\debugpy\_vendored\pydevd\_pydevd_bundle\pydevd_daemon_thread.py - run
0.00s - SKIP set tracing of frame: C:\Users\nikla\OneDrive\Dokumente\repositories\py4godot---Open-Project\addons\windows64\cpython-3.9.7-windows64\python\install\lib\threading.py - _bootstrap_inner
0.00s - SKIP set tracing of frame: C:\Users\nikla\OneDrive\Dokumente\repositories\py4godot---Open-Project\addons\windows64\cpython-3.9.7-windows64\python\install\lib\threading.py - _bootstrap
0.00s - sending cmd (http_json) -->           CMD_RETURN {"type": "response", "request_seq": 14, "success": true, "command": "setBreakpoints", "body": {"breakpoints": [{"verified": true, "id": 2, "source": {"name": "CharHandler.py", "path": "c:\\Users\\nikla\\OneDrive\\Dokumente\\repositories\\py4godot---Open-Project\\Scripts\\CharHandler.py"}, "line": 145}]}, "seq": 34, "pydevd_cmd_id": 502}

0.02s - Suspending all threads except: <_MainThread(MainThread, started 4764)>
0.00s - PyDB.do_wait_suspend
name: _physics_process (line: 145)
 file: Scripts/CharHandler.py
 event: line
 arg: None
 step: CMD_STEP_INTO (original step: <Unknown: -1>)
 thread: <_MainThread(MainThread, started 4764)>, thread id: pid_7372_id_3008732779520, id(thread): 3008732779520
0.00s -   Stack: Scripts/CharHandler.py, _physics_process, 145
0.00s - Sending suspend notification.
0.00s - sending cmd (http_json) --> CMD_THREAD_SUSPEND_SINGLE_NOTIFICATION {"type": "event", "event": "stopped", "body": {"reason": "breakpoint", "threadId": 1, "preserveFocusHint": false, "allThreadsStopped": true}, "seq": 36, "pydevd_cmd_id": 157}

0.03s - Process ThreadsRequest: {
    "command": "threads",
    "seq": 15,
    "type": "request"
}

0.00s - sending cmd (http_json) -->           CMD_RETURN {"type": "response", "request_seq": 15, "success": true, "command": "threads", "body": {"threads": [{"id": 1, "name": "MainThread"}]}, "seq": 38, "pydevd_cmd_id": 502}

0.01s - Process StackTraceRequest: {
    "arguments": {
        "format": {},
        "levels": 1,
        "startFrame": 0,
        "threadId": 1
    },
    "command": "stackTrace",
    "seq": 16,
    "type": "request"
}

0.00s - sending cmd (http_json) -->     CMD_MODULE_EVENT {"type": "event", "event": "module", "body": {"reason": "new", "module": {"id": 0, "name": "Scripts.CharHandler", "path": "c:\\Users\\nikla\\OneDrive\\Dokumente\\repositories\\py4godot---Open-Project\\Scripts\\CharHandler.py", "package": "Scripts"}}, "seq": 40, "pydevd_cmd_id": 203}

0.00s - sending cmd (http_json) -->           CMD_RETURN {"type": "response", "request_seq": 16, "success": true, "command": "stackTrace", "body": {"stackFrames": [{"id": 2, "name": "_physics_process", "line": 145, "column": 1, "source": {"path": "c:\\Users\\nikla\\OneDrive\\Dokumente\\repositories\\py4godot---Open-Project\\Scripts\\CharHandler.py", "sourceReference": 0}}], "totalFrames": 1}, "seq": 42, "pydevd_cmd_id": 502}

0.44s - Process ScopesRequest: {
    "arguments": {
        "frameId": 2
    },
    "command": "scopes",
    "seq": 17,
    "type": "request"
}

0.00s - sending cmd (http_json) -->           CMD_RETURN {"type": "response", "request_seq": 17, "success": true, "command": "scopes", "body": {"scopes": [{"name": "Locals", "variablesReference": 3, "expensive": false, "presentationHint": "locals", "source": {}}, {"name": "Globals", "variablesReference": 4, "expensive": false, "source": {}}]}, "seq": 44, "pydevd_cmd_id": 502}

0.00s - Process StackTraceRequest: {
    "arguments": {
        "format": {},
        "levels": 19,
        "startFrame": 1,
        "threadId": 1
    },
    "command": "stackTrace",
    "seq": 18,
    "type": "request"
}

0.00s - sending cmd (http_json) -->           CMD_RETURN {"type": "response", "request_seq": 18, "success": true, "command": "stackTrace", "body": {"stackFrames": [], "totalFrames": 1}, "seq": 46, "pydevd_cmd_id": 502}

0.00s - Process VariablesRequest: {
    "arguments": {
        "format": {},
        "variablesReference": 3
    },
    "command": "variables",
    "seq": 19,
    "type": "request"
}

0.01s - processing internal command: InternalThreadCommands(<function internal_get_variable_json at 0x000002BC8BEB7D30>, (<_pydevd_bundle._debug_adapter.pydevd_schema.VariablesRequest object at 0x000002BC8BF2C940>,), {})
0.00s - sending cmd (http_json) -->           CMD_RETURN {"type": "response", "request_seq": 19, "success": true, "command": "variables", "body": {"variables": [{"name": "delta", "value": "0.01666666753590107", "type": "float", "evaluateName": "delta", "variablesReference": 0}, {"name": "ignore", "value": "False", "type": "bool", "evaluateName": "ignore", "variablesReference": 0}, {"name": "self", "value": "<Scripts.CharHandler.CharHandler object at 0x000002BC866C8740>", "type": "CharHandler", "evaluateName": "self", "variablesReference": 5}]}, "seq": 48, "pydevd_cmd_id": 502}

3.75s - Process ContinueRequest: {
    "arguments": {
        "threadId": "*"
    },
    "command": "continue",
    "seq": 20,
    "type": "request"
}

0.00s - Resuming threads: * (except thread: None)
0.01s - Sending resume notification.
0.00s - sending cmd (http_json) --> CMD_THREAD_RESUME_SINGLE_NOTIFICATION {"type": "event", "event": "continued", "body": {"threadId": 1, "allThreadsContinued": true}, "seq": 50, "pydevd_cmd_id": 158}

0.00s - sending cmd (http_json) -->           CMD_RETURN {"type": "response", "request_seq": 20, "success": true, "command": "continue", "body": {"allThreadsContinued": true}, "seq": 52, "pydevd_cmd_id": 502}

0.00s - Leaving PyDB.do_wait_suspend: <_MainThread(MainThread, started 4764)> (pid_7372_id_3008732779520) 3008732779520
0.00s - Suspending all threads except: <_MainThread(MainThread, started 4764)>
0.00s - PyDB.do_wait_suspend
name: _physics_process (line: 145)
 file: Scripts/CharHandler.py
 event: line
 arg: None
 step: CMD_STEP_INTO (original step: <Unknown: -1>)
 thread: <_MainThread(MainThread, started 4764)>, thread id: pid_7372_id_3008732779520, id(thread): 3008732779520
0.00s -   Stack: Scripts/CharHandler.py, _physics_process, 145
0.00s - Sending suspend notification.
0.00s - sending cmd (http_json) --> CMD_THREAD_SUSPEND_SINGLE_NOTIFICATION {"type": "event", "event": "stopped", "body": {"reason": "breakpoint", "threadId": 1, "preserveFocusHint": false, "allThreadsStopped": true}, "seq": 54, "pydevd_cmd_id": 157}

0.01s - Process ThreadsRequest: {
    "command": "threads",
    "seq": 21,
    "type": "request"
}

0.00s - sending cmd (http_json) -->           CMD_RETURN {"type": "response", "request_seq": 21, "success": true, "command": "threads", "body": {"threads": [{"id": 1, "name": "MainThread"}]}, "seq": 56, "pydevd_cmd_id": 502}

0.00s - Process StackTraceRequest: {
    "arguments": {
        "format": {},
        "levels": 1,
        "startFrame": 0,
        "threadId": 1
    },
    "command": "stackTrace",
    "seq": 22,
    "type": "request"
}

0.00s - sending cmd (http_json) -->           CMD_RETURN {"type": "response", "request_seq": 22, "success": true, "command": "stackTrace", "body": {"stackFrames": [{"id": 2, "name": "_physics_process", "line": 145, "column": 1, "source": {"path": "c:\\Users\\nikla\\OneDrive\\Dokumente\\repositories\\py4godot---Open-Project\\Scripts\\CharHandler.py", "sourceReference": 0}}], "totalFrames": 1}, "seq": 58, "pydevd_cmd_id": 502}

0.42s - Process ScopesRequest: {
    "arguments": {
        "frameId": 2
    },
    "command": "scopes",
    "seq": 23,
    "type": "request"
}

0.00s - sending cmd (http_json) -->           CMD_RETURN {"type": "response", "request_seq": 23, "success": true, "command": "scopes", "body": {"scopes": [{"name": "Locals", "variablesReference": 3, "expensive": false, "presentationHint": "locals", "source": {}}, {"name": "Globals", "variablesReference": 4, "expensive": false, "source": {}}]}, "seq": 60, "pydevd_cmd_id": 502}

0.01s - Process VariablesRequest: {
    "arguments": {
        "format": {},
        "variablesReference": 3
    },
    "command": "variables",
    "seq": 24,
    "type": "request"
}

0.00s - processing internal command: InternalThreadCommands(<function internal_get_variable_json at 0x000002BC8BEB7D30>, (<_pydevd_bundle._debug_adapter.pydevd_schema.VariablesRequest object at 0x000002BC8BF346A0>,), {})
0.00s - sending cmd (http_json) -->           CMD_RETURN {"type": "response", "request_seq": 24, "success": true, "command": "variables", "body": {"variables": [{"name": "delta", "value": "0.01666666753590107", "type": "float", "evaluateName": "delta", "variablesReference": 0}, {"name": "ignore", "value": "False", "type": "bool", "evaluateName": "ignore", "variablesReference": 0}, {"name": "self", "value": "<Scripts.CharHandler.CharHandler object at 0x000002BC866C8740>", "type": "CharHandler", "evaluateName": "self", "variablesReference": 5}]}, "seq": 62, "pydevd_cmd_id": 502}

0.00s - Process StackTraceRequest: {
    "arguments": {
        "format": {},
        "levels": 19,
        "startFrame": 1,
        "threadId": 1
    },
    "command": "stackTrace",
    "seq": 25,
    "type": "request"
}

0.00s - sending cmd (http_json) -->           CMD_RETURN {"type": "response", "request_seq": 25, "success": true, "command": "stackTrace", "body": {"stackFrames": [], "totalFrames": 1}, "seq": 64, "pydevd_cmd_id": 502}

0.22s - Process ContinueRequest: {
    "arguments": {
        "threadId": "*"
    },
    "command": "continue",
    "seq": 26,
    "type": "request"
}

0.00s - Resuming threads: * (except thread: None)
0.00s - Sending resume notification.
0.00s - sending cmd (http_json) --> CMD_THREAD_RESUME_SINGLE_NOTIFICATION {"type": "event", "event": "continued", "body": {"threadId": 1, "allThreadsContinued": true}, "seq": 66, "pydevd_cmd_id": 158}

0.00s - sending cmd (http_json) -->           CMD_RETURN {"type": "response", "request_seq": 26, "success": true, "command": "continue", "body": {"allThreadsContinued": true}, "seq": 68, "pydevd_cmd_id": 502}

0.00s - Leaving PyDB.do_wait_suspend: <_MainThread(MainThread, started 4764)> (pid_7372_id_3008732779520) 3008732779520
0.02s - Suspending all threads except: <_MainThread(MainThread, started 4764)>
0.00s - PyDB.do_wait_suspend
name: _physics_process (line: 145)
 file: Scripts/CharHandler.py
 event: line
 arg: None
 step: CMD_STEP_INTO (original step: <Unknown: -1>)
 thread: <_MainThread(MainThread, started 4764)>, thread id: pid_7372_id_3008732779520, id(thread): 3008732779520
0.00s -   Stack: Scripts/CharHandler.py, _physics_process, 145
0.00s - Sending suspend notification.
0.00s - sending cmd (http_json) --> CMD_THREAD_SUSPEND_SINGLE_NOTIFICATION {"type": "event", "event": "stopped", "body": {"reason": "breakpoint", "threadId": 1, "preserveFocusHint": false, "allThreadsStopped": true}, "seq": 70, "pydevd_cmd_id": 157}

0.01s - Process ThreadsRequest: {
    "command": "threads",
    "seq": 27,
    "type": "request"
}

0.00s - sending cmd (http_json) -->           CMD_RETURN {"type": "response", "request_seq": 27, "success": true, "command": "threads", "body": {"threads": [{"id": 1, "name": "MainThread"}]}, "seq": 72, "pydevd_cmd_id": 502}

0.01s - Process StackTraceRequest: {
    "arguments": {
        "format": {},
        "levels": 1,
        "startFrame": 0,
        "threadId": 1
    },
    "command": "stackTrace",
    "seq": 28,
    "type": "request"
}

0.00s - sending cmd (http_json) -->           CMD_RETURN {"type": "response", "request_seq": 28, "success": true, "command": "stackTrace", "body": {"stackFrames": [{"id": 2, "name": "_physics_process", "line": 145, "column": 1, "source": {"path": "c:\\Users\\nikla\\OneDrive\\Dokumente\\repositories\\py4godot---Open-Project\\Scripts\\CharHandler.py", "sourceReference": 0}}], "totalFrames": 1}, "seq": 74, "pydevd_cmd_id": 502}

0.29s - Process ContinueRequest: {
    "arguments": {
        "threadId": "*"
    },
    "command": "continue",
    "seq": 29,
    "type": "request"
}

0.00s - Resuming threads: * (except thread: None)
0.00s - Sending resume notification.
0.00s - sending cmd (http_json) --> CMD_THREAD_RESUME_SINGLE_NOTIFICATION {"type": "event", "event": "continued", "body": {"threadId": 1, "allThreadsContinued": true}, "seq": 76, "pydevd_cmd_id": 158}

0.00s - sending cmd (http_json) -->           CMD_RETURN {"type": "response", "request_seq": 29, "success": true, "command": "continue", "body": {"allThreadsContinued": true}, "seq": 78, "pydevd_cmd_id": 502}

0.00s - Leaving PyDB.do_wait_suspend: <_MainThread(MainThread, started 4764)> (pid_7372_id_3008732779520) 3008732779520
0.00s - Suspending all threads except: <_MainThread(MainThread, started 4764)>
0.00s - PyDB.do_wait_suspend
name: _physics_process (line: 145)
 file: Scripts/CharHandler.py
 event: line
 arg: None
 step: CMD_STEP_INTO (original step: <Unknown: -1>)
 thread: <_MainThread(MainThread, started 4764)>, thread id: pid_7372_id_3008732779520, id(thread): 3008732779520
0.00s -   Stack: Scripts/CharHandler.py, _physics_process, 145
0.00s - Sending suspend notification.
0.00s - sending cmd (http_json) --> CMD_THREAD_SUSPEND_SINGLE_NOTIFICATION {"type": "event", "event": "stopped", "body": {"reason": "breakpoint", "threadId": 1, "preserveFocusHint": false, "allThreadsStopped": true}, "seq": 80, "pydevd_cmd_id": 157}

0.01s - Process ThreadsRequest: {
    "command": "threads",
    "seq": 30,
    "type": "request"
}

0.00s - sending cmd (http_json) -->           CMD_RETURN {"type": "response", "request_seq": 30, "success": true, "command": "threads", "body": {"threads": [{"id": 1, "name": "MainThread"}]}, "seq": 82, "pydevd_cmd_id": 502}

0.00s - Process StackTraceRequest: {
    "arguments": {
        "format": {},
        "levels": 1,
        "startFrame": 0,
        "threadId": 1
    },
    "command": "stackTrace",
    "seq": 31,
    "type": "request"
}

0.00s - sending cmd (http_json) -->           CMD_RETURN {"type": "response", "request_seq": 31, "success": true, "command": "stackTrace", "body": {"stackFrames": [{"id": 2, "name": "_physics_process", "line": 145, "column": 1, "source": {"path": "c:\\Users\\nikla\\OneDrive\\Dokumente\\repositories\\py4godot---Open-Project\\Scripts\\CharHandler.py", "sourceReference": 0}}], "totalFrames": 1}, "seq": 84, "pydevd_cmd_id": 502}

0.15s - Process ContinueRequest: {
    "arguments": {
        "threadId": "*"
    },
    "command": "continue",
    "seq": 32,
    "type": "request"
}

0.00s - Resuming threads: * (except thread: None)
0.00s - Sending resume notification.
0.00s - sending cmd (http_json) --> CMD_THREAD_RESUME_SINGLE_NOTIFICATION {"type": "event", "event": "continued", "body": {"threadId": 1, "allThreadsContinued": true}, "seq": 86, "pydevd_cmd_id": 158}

0.00s - sending cmd (http_json) -->           CMD_RETURN {"type": "response", "request_seq": 32, "success": true, "command": "continue", "body": {"allThreadsContinued": true}, "seq": 88, "pydevd_cmd_id": 502}

0.00s - Leaving PyDB.do_wait_suspend: <_MainThread(MainThread, started 4764)> (pid_7372_id_3008732779520) 3008732779520
0.00s - Suspending all threads except: <_MainThread(MainThread, started 4764)>
0.00s - PyDB.do_wait_suspend
name: _physics_process (line: 145)
 file: Scripts/CharHandler.py
 event: line
 arg: None
 step: CMD_STEP_INTO (original step: <Unknown: -1>)
 thread: <_MainThread(MainThread, started 4764)>, thread id: pid_7372_id_3008732779520, id(thread): 3008732779520
0.00s -   Stack: Scripts/CharHandler.py, _physics_process, 145
0.00s - Sending suspend notification.
0.00s - sending cmd (http_json) --> CMD_THREAD_SUSPEND_SINGLE_NOTIFICATION {"type": "event", "event": "stopped", "body": {"reason": "breakpoint", "threadId": 1, "preserveFocusHint": false, "allThreadsStopped": true}, "seq": 90, "pydevd_cmd_id": 157}

0.01s - Process ThreadsRequest: {
    "command": "threads",
    "seq": 33,
    "type": "request"
}

0.00s - sending cmd (http_json) -->           CMD_RETURN {"type": "response", "request_seq": 33, "success": true, "command": "threads", "body": {"threads": [{"id": 1, "name": "MainThread"}]}, "seq": 92, "pydevd_cmd_id": 502}

0.00s - Process StackTraceRequest: {
    "arguments": {
        "format": {},
        "levels": 1,
        "startFrame": 0,
        "threadId": 1
    },
    "command": "stackTrace",
    "seq": 34,
    "type": "request"
}

0.00s - sending cmd (http_json) -->           CMD_RETURN {"type": "response", "request_seq": 34, "success": true, "command": "stackTrace", "body": {"stackFrames": [{"id": 2, "name": "_physics_process", "line": 145, "column": 1, "source": {"path": "c:\\Users\\nikla\\OneDrive\\Dokumente\\repositories\\py4godot---Open-Project\\Scripts\\CharHandler.py", "sourceReference": 0}}], "totalFrames": 1}, "seq": 94, "pydevd_cmd_id": 502}

0.21s - Process ContinueRequest: {
    "arguments": {
        "threadId": "*"
    },
    "command": "continue",
    "seq": 35,
    "type": "request"
}

0.00s - Resuming threads: * (except thread: None)
0.00s - Sending resume notification.
0.00s - sending cmd (http_json) --> CMD_THREAD_RESUME_SINGLE_NOTIFICATION {"type": "event", "event": "continued", "body": {"threadId": 1, "allThreadsContinued": true}, "seq": 96, "pydevd_cmd_id": 158}

0.00s - sending cmd (http_json) -->           CMD_RETURN {"type": "response", "request_seq": 35, "success": true, "command": "continue", "body": {"allThreadsContinued": true}, "seq": 98, "pydevd_cmd_id": 502}

0.00s - Leaving PyDB.do_wait_suspend: <_MainThread(MainThread, started 4764)> (pid_7372_id_3008732779520) 3008732779520
0.00s - Suspending all threads except: <_MainThread(MainThread, started 4764)>
0.00s - PyDB.do_wait_suspend
name: _physics_process (line: 145)
 file: Scripts/CharHandler.py
 event: line
 arg: None
 step: CMD_STEP_INTO (original step: <Unknown: -1>)
 thread: <_MainThread(MainThread, started 4764)>, thread id: pid_7372_id_3008732779520, id(thread): 3008732779520
0.00s -   Stack: Scripts/CharHandler.py, _physics_process, 145
0.00s - Sending suspend notification.
0.00s - sending cmd (http_json) --> CMD_THREAD_SUSPEND_SINGLE_NOTIFICATION {"type": "event", "event": "stopped", "body": {"reason": "breakpoint", "threadId": 1, "preserveFocusHint": false, "allThreadsStopped": true}, "seq": 100, "pydevd_cmd_id": 157}

0.01s - Process ThreadsRequest: {
    "command": "threads",
    "seq": 36,
    "type": "request"
}

0.00s - sending cmd (http_json) -->           CMD_RETURN {"type": "response", "request_seq": 36, "success": true, "command": "threads", "body": {"threads": [{"id": 1, "name": "MainThread"}]}, "seq": 102, "pydevd_cmd_id": 502}

0.01s - Process StackTraceRequest: {
    "arguments": {
        "format": {},
        "levels": 1,
        "startFrame": 0,
        "threadId": 1
    },
    "command": "stackTrace",
    "seq": 37,
    "type": "request"
}

0.00s - sending cmd (http_json) -->           CMD_RETURN {"type": "response", "request_seq": 37, "success": true, "command": "stackTrace", "body": {"stackFrames": [{"id": 2, "name": "_physics_process", "line": 145, "column": 1, "source": {"path": "c:\\Users\\nikla\\OneDrive\\Dokumente\\repositories\\py4godot---Open-Project\\Scripts\\CharHandler.py", "sourceReference": 0}}], "totalFrames": 1}, "seq": 104, "pydevd_cmd_id": 502}

0.41s - Process ScopesRequest: {
    "arguments": {
        "frameId": 2
    },
    "command": "scopes",
    "seq": 38,
    "type": "request"
}

0.00s - sending cmd (http_json) -->           CMD_RETURN {"type": "response", "request_seq": 38, "success": true, "command": "scopes", "body": {"scopes": [{"name": "Locals", "variablesReference": 3, "expensive": false, "presentationHint": "locals", "source": {}}, {"name": "Globals", "variablesReference": 4, "expensive": false, "source": {}}]}, "seq": 106, "pydevd_cmd_id": 502}

0.00s - Process VariablesRequest: {
    "arguments": {
        "format": {},
        "variablesReference": 3
    },
    "command": "variables",
    "seq": 39,
    "type": "request"
}

0.01s - processing internal command: InternalThreadCommands(<function internal_get_variable_json at 0x000002BC8BEB7D30>, (<_pydevd_bundle._debug_adapter.pydevd_schema.VariablesRequest object at 0x000002BC8BF34280>,), {})
0.00s - sending cmd (http_json) -->           CMD_RETURN {"type": "response", "request_seq": 39, "success": true, "command": "variables", "body": {"variables": [{"name": "delta", "value": "0.01666666753590107", "type": "float", "evaluateName": "delta", "variablesReference": 0}, {"name": "ignore", "value": "False", "type": "bool", "evaluateName": "ignore", "variablesReference": 0}, {"name": "self", "value": "<Scripts.CharHandler.CharHandler object at 0x000002BC866C8740>", "type": "CharHandler", "evaluateName": "self", "variablesReference": 5}]}, "seq": 108, "pydevd_cmd_id": 502}

0.00s - Process StackTraceRequest: {
    "arguments": {
        "format": {},
        "levels": 19,
        "startFrame": 1,
        "threadId": 1
    },
    "command": "stackTrace",
    "seq": 40,
    "type": "request"
}

0.00s - sending cmd (http_json) -->           CMD_RETURN {"type": "response", "request_seq": 40, "success": true, "command": "stackTrace", "body": {"stackFrames": [], "totalFrames": 1}, "seq": 110, "pydevd_cmd_id": 502}

0.72s - Process SetBreakpointsRequest: {
    "arguments": {
        "breakpoints": [],
        "lines": [],
        "source": {
            "path": "c:\\Users\\nikla\\OneDrive\\Dokumente\\repositories\\py4godot---Open-Project\\Scripts\\CharHandler.py",
            "sourceReference": 0
        },
        "sourceModified": false
    },
    "command": "setBreakpoints",
    "seq": 41,
    "type": "request"
}

0.00s - sending cmd (http_json) -->           CMD_RETURN {"type": "response", "request_seq": 41, "success": true, "command": "setBreakpoints", "body": {"breakpoints": []}, "seq": 112, "pydevd_cmd_id": 502}

10.96s - Process DisconnectRequest: {
    "arguments": {
        "terminateDebuggee": false
    },
    "command": "disconnect",
    "seq": 42,
    "type": "request"
}

0.00s - Resuming threads: * (except thread: None)
0.00s - sending cmd (http_json) -->           CMD_RETURN {"type": "response", "request_seq": 42, "success": true, "command": "disconnect", "seq": 114, "pydevd_cmd_id": 502}

0.00s - Sending resume notification.
0.00s - sending cmd (http_json) --> CMD_THREAD_RESUME_SINGLE_NOTIFICATION {"type": "event", "event": "continued", "body": {"threadId": 1, "allThreadsContinued": true}, "seq": 116, "pydevd_cmd_id": 158}

0.00s - Leaving PyDB.do_wait_suspend: <_MainThread(MainThread, started 4764)> (pid_7372_id_3008732779520) 3008732779520
3.65s - No threads alive, finishing debug session
0.00s - PyDB.dispose_and_kill_all_pydevd_threads (called from: File "C:\Users\nikla\OneDrive\Dokumente\repositories\py4godot---Open-Project\addons\windows64\cpython-3.9.7-windows64\python\install\lib\site-packages\debugpy\_vendored\pydevd\pydevd.py", line 269, in _on_run)
0.00s - PyDB.dispose_and_kill_all_pydevd_threads (first call)
0.00s - PyDB.dispose_and_kill_all_pydevd_threads no commands being processed.
0.00s - PyDB.dispose_and_kill_all_pydevd_threads killing thread: <ReaderThread(pydevd.Reader, started daemon 11588)>
0.00s - pydevd.Reader received kill signal
0.00s - PyDB.dispose_and_kill_all_pydevd_threads killing thread: <PyDBCommandThread(pydevd.CommandThread, started daemon 19220)>
0.00s - pydevd.CommandThread received kill signal
0.00s - PyDB.dispose_and_kill_all_pydevd_threads killing thread: <WriterThread(pydevd.Writer, started daemon 4368)>
0.00s - sending cmd (http_json) -->             CMD_EXIT {"type": "event", "event": "terminated", "seq": 118, "body": {}, "pydevd_cmd_id": 129}

0.00s - pydevd.Writer received kill signal
0.00s - PyDB.dispose_and_kill_all_pydevd_threads killing thread: <CheckAliveThread(pydevd.CheckAliveThread, started 22688)>
0.00s - pydevd.CheckAliveThread received kill signal
0.00s - PyDB.dispose_and_kill_all_pydevd_threads waiting for pydb daemon threads to finish
0.00s - WriterThread: CMD_EXIT received
0.00s - WriterThread: exit
0.00s - ReaderThread: empty contents received (len(line) == 0).
0.00s - PyDB.dispose_and_kill_all_pydevd_threads (called from: File "C:\Users\nikla\OneDrive\Dokumente\repositories\py4godot---Open-Project\addons\windows64\cpython-3.9.7-windows64\python\install\lib\site-packages\debugpy\_vendored\pydevd\_pydevd_bundle\pydevd_comm.py", line 301, in _terminate_on_socket_close)
0.00s - PyDB.dispose_and_kill_all_pydevd_threads (already disposed - wait)
0.50s - PyDB.dispose_and_kill_all_pydevd_threads: finished
0.00s - ReaderThread: exit
0.00s - PyDB.dispose_and_kill_all_pydevd_threads: finished
0.00s - pydevd.stoptrace()
